<!DOCTYPE html>

<html>
  <head>
  <meta charset='utf-8'>
  <title>TestNG reports</title>

    <link type="text/css" href="testng-reports1.css" rel="stylesheet" id="ultra" />
    <link type="text/css" href="testng-reports.css" rel="stylesheet" id="retro" disabled="false"/>
    <script type="text/javascript" src="jquery-3.6.0.min.js"></script>
    <script type="text/javascript" src="testng-reports.js"></script>
    <script type="text/javascript" src="https://www.google.com/jsapi"></script>
    <script type='text/javascript'>
      google.load('visualization', '1', {packages:['table']});
      google.setOnLoadCallback(drawTable);
      var suiteTableInitFunctions = new Array();
      var suiteTableData = new Array();
    </script>
    <!--
      <script type="text/javascript" src="jquery-ui/js/jquery-ui-1.8.16.custom.min.js"></script>
     -->
  </head>

  <body>    <div class="top-banner-root">
      <span class="top-banner-title-font">Test results</span>
      <button id="button" class="button">Switch Retro Theme</button> <!-- button -->
      <br/>
      <span class="top-banner-font-1">1 suite, 14 failed tests</span>
    </div> <!-- top-banner-root -->
    <div class="navigator-root">
      <div class="navigator-suite-header">
        <span>All suites</span>
        <a href="#" title="Collapse/expand all the suites" class="collapse-all-link">
          <img src="collapseall.gif" class="collapse-all-icon">
          </img> <!-- collapse-all-icon -->
        </a> <!-- collapse-all-link -->
      </div> <!-- navigator-suite-header -->
      <div class="suite">
        <div class="rounded-window">
          <div class="suite-header light-rounded-window-top">
            <a href="#" panel-name="suite-GoDo_com_" class="navigator-link">
              <span class="suite-name border-failed">GoDo.com </span>
            </a> <!-- navigator-link -->
          </div> <!-- suite-header light-rounded-window-top -->
          <div class="navigator-suite-content">
            <div class="suite-section-title">
              <span>Info</span>
            </div> <!-- suite-section-title -->
            <div class="suite-section-content">
              <ul>
                <li>
                  <a href="#" panel-name="test-xml-GoDo_com_" class="navigator-link ">
                    <span>C:\Users\Hp\eclipse-workspace\G-Traval\resourcesF\Master.xml</span>
                  </a> <!-- navigator-link  -->
                </li>
                <li>
                  <a href="#" panel-name="testlist-GoDo_com_" class="navigator-link ">
                    <span class="test-stats">1 test</span>
                  </a> <!-- navigator-link  -->
                </li>
                <li>
                  <a href="#" panel-name="group-GoDo_com_" class="navigator-link ">
                    <span>0 groups</span>
                  </a> <!-- navigator-link  -->
                </li>
                <li>
                  <a href="#" panel-name="times-GoDo_com_" class="navigator-link ">
                    <span>Times</span>
                  </a> <!-- navigator-link  -->
                </li>
                <li>
                  <a href="#" panel-name="reporter-GoDo_com_" class="navigator-link ">
                    <span>Reporter output</span>
                  </a> <!-- navigator-link  -->
                </li>
                <li>
                  <a href="#" panel-name="ignored-methods-GoDo_com_" class="navigator-link ">
                    <span>Ignored methods</span>
                  </a> <!-- navigator-link  -->
                </li>
                <li>
                  <a href="#" panel-name="chronological-GoDo_com_" class="navigator-link ">
                    <span>Chronological view</span>
                  </a> <!-- navigator-link  -->
                </li>
              </ul>
            </div> <!-- suite-section-content -->
            <div class="result-section">
              <div class="suite-section-title">
                <span>Results</span>
              </div> <!-- suite-section-title -->
              <div class="suite-section-content">
                <ul>
                  <li>
                    <span class="method-stats">43 methods, 14 failed,   29 passed</span>
                  </li>
                  <li>
                    <span class="method-list-title failed">Failed methods</span>
                    <span class="show-or-hide-methods failed">
                      <a href="#" panel-name="suite-GoDo_com_" class="hide-methods failed suite-GoDo_com_"> (hide)</a> <!-- hide-methods failed suite-GoDo_com_ -->
                      <a href="#" panel-name="suite-GoDo_com_" class="show-methods failed suite-GoDo_com_"> (show)</a> <!-- show-methods failed suite-GoDo_com_ -->
                    </span>
                    <div class="method-list-content failed suite-GoDo_com_">
                      <span>
                        <img src="failed.png" width="3%"/>
                        <a href="#" panel-name="suite-GoDo_com_" title="com.traval.qa.test.EditInSearchPageTest" class="method navigator-link" hash-for-method="Edit_Requirments_InListingPage">Edit_Requirments_InListingPage</a> <!-- method navigator-link -->
                      </span>
                      <br/>
                      <span>
                        <img src="failed.png" width="3%"/>
                        <a href="#" panel-name="suite-GoDo_com_" title="com.traval.qa.test.SearchCarTest" class="method navigator-link" hash-for-method="Matching_Requirment_InCheckoutPage_With_HomePageCar">Matching_Requirment_InCheckoutPage_With_HomePageCar</a> <!-- method navigator-link -->
                      </span>
                      <br/>
                      <span>
                        <img src="failed.png" width="3%"/>
                        <a href="#" panel-name="suite-GoDo_com_" title="com.traval.qa.test.SearchCarTest" class="method navigator-link" hash-for-method="Matching_Requirment_inListingPage_With_HomePageCar">Matching_Requirment_inListingPage_With_HomePageCar</a> <!-- method navigator-link -->
                      </span>
                      <br/>
                      <span>
                        <img src="failed.png" width="3%"/>
                        <a href="#" panel-name="suite-GoDo_com_" title="com.traval.qa.test.SearchCarTest" class="method navigator-link" hash-for-method="Matching_SucessFul_Massage">Matching_SucessFul_Massage</a> <!-- method navigator-link -->
                      </span>
                      <br/>
                      <span>
                        <img src="failed.png" width="3%"/>
                        <a href="#" panel-name="suite-GoDo_com_" title="com.traval.qa.test.EditInSearchPageTest" class="method navigator-link" hash-for-method="SucessFul_MassageConfirmation">SucessFul_MassageConfirmation</a> <!-- method navigator-link -->
                      </span>
                      <br/>
                      <span>
                        <img src="failed.png" width="3%"/>
                        <a href="#" panel-name="suite-GoDo_com_" title="com.traval.qa.test.NormalHotelBookingTest" class="method navigator-link" hash-for-method="SucessFul_MassageConfirmation">SucessFul_MassageConfirmation</a> <!-- method navigator-link -->
                      </span>
                      <br/>
                      <span>
                        <img src="failed.png" width="3%"/>
                        <a href="#" panel-name="suite-GoDo_com_" title="com.traval.qa.test.NormalHotelBookingTest" class="method navigator-link" hash-for-method="ValidataBy_AddingRequirment_InHomePage">ValidataBy_AddingRequirment_InHomePage</a> <!-- method navigator-link -->
                      </span>
                      <br/>
                      <span>
                        <img src="failed.png" width="3%"/>
                        <a href="#" panel-name="suite-GoDo_com_" title="com.traval.qa.test.EditInSearchPageTest" class="method navigator-link" hash-for-method="Validate_CheckoutPagerequirment_From_EditedLisngPage">Validate_CheckoutPagerequirment_From_EditedLisngPage</a> <!-- method navigator-link -->
                      </span>
                      <br/>
                      <span>
                        <img src="failed.png" width="3%"/>
                        <a href="#" panel-name="suite-GoDo_com_" title="com.traval.qa.test.NormalHotelBookingTest" class="method navigator-link" hash-for-method="Validate_CheckoutPagerequirment_From_HomePage">Validate_CheckoutPagerequirment_From_HomePage</a> <!-- method navigator-link -->
                      </span>
                      <br/>
                      <span>
                        <img src="failed.png" width="3%"/>
                        <a href="#" panel-name="suite-GoDo_com_" title="com.traval.qa.test.ApplyFilterTest" class="method navigator-link" hash-for-method="Validate_HomePage_Title">Validate_HomePage_Title</a> <!-- method navigator-link -->
                      </span>
                      <br/>
                      <span>
                        <img src="failed.png" width="3%"/>
                        <a href="#" panel-name="suite-GoDo_com_" title="com.traval.qa.test.NormalHotelBookingTest" class="method navigator-link" hash-for-method="Validate_Hotelpage_bycheckingrequirment_FromHomePage">Validate_Hotelpage_bycheckingrequirment_FromHomePage</a> <!-- method navigator-link -->
                      </span>
                      <br/>
                      <span>
                        <img src="failed.png" width="3%"/>
                        <a href="#" panel-name="suite-GoDo_com_" title="com.traval.qa.test.EditInSearchPageTest" class="method navigator-link" hash-for-method="Validate_Hotelpageby_checkingrequirment_From_EditedListingPage">Validate_Hotelpageby_checkingrequirment_From_EditedListingPage</a> <!-- method navigator-link -->
                      </span>
                      <br/>
                      <span>
                        <img src="failed.png" width="3%"/>
                        <a href="#" panel-name="suite-GoDo_com_" title="com.traval.qa.test.NormalHotelBookingTest" class="method navigator-link" hash-for-method="Validateby_Requirments_Matchingin_ListingPage_FromHomePage">Validateby_Requirments_Matchingin_ListingPage_FromHomePage</a> <!-- method navigator-link -->
                      </span>
                      <br/>
                      <span>
                        <img src="failed.png" width="3%"/>
                        <a href="#" panel-name="suite-GoDo_com_" title="com.traval.qa.test.SearchCarTest" class="method navigator-link" hash-for-method="adding_Car_Requirment_In_HomePage">adding_Car_Requirment_In_HomePage</a> <!-- method navigator-link -->
                      </span>
                      <br/>
                    </div> <!-- method-list-content failed suite-GoDo_com_ -->
                  </li>
                  <li>
                    <span class="method-list-title passed">Passed methods</span>
                    <span class="show-or-hide-methods passed">
                      <a href="#" panel-name="suite-GoDo_com_" class="hide-methods passed suite-GoDo_com_"> (hide)</a> <!-- hide-methods passed suite-GoDo_com_ -->
                      <a href="#" panel-name="suite-GoDo_com_" class="show-methods passed suite-GoDo_com_"> (show)</a> <!-- show-methods passed suite-GoDo_com_ -->
                    </span>
                    <div class="method-list-content passed suite-GoDo_com_">
                      <span>
                        <img src="passed.png" width="3%"/>
                        <a href="#" panel-name="suite-GoDo_com_" title="com.traval.qa.test.SearchAndHotelpageEditTest" class="method navigator-link" hash-for-method="Edit_Requirments_InListingPage">Edit_Requirments_InListingPage</a> <!-- method navigator-link -->
                      </span>
                      <br/>
                      <span>
                        <img src="passed.png" width="3%"/>
                        <a href="#" panel-name="suite-GoDo_com_" title="com.traval.qa.test.EditInHotelPageTest" class="method navigator-link" hash-for-method="Edit_the_HotelPage_Details_byMatchingDetails_withHomePage">Edit_the_HotelPage_Details_byMatchingDetails_withHomePage</a> <!-- method navigator-link -->
                      </span>
                      <br/>
                      <span>
                        <img src="passed.png" width="3%"/>
                        <a href="#" panel-name="suite-GoDo_com_" title="com.traval.qa.test.SearchAndHotelpageEditTest" class="method navigator-link" hash-for-method="Edit_the_Hotel_Details_ByMatchingDetails_with_EditedListingPage">Edit_the_Hotel_Details_ByMatchingDetails_with_EditedListingPage</a> <!-- method navigator-link -->
                      </span>
                      <br/>
                      <span>
                        <img src="passed.png" width="3%"/>
                        <a href="#" panel-name="suite-GoDo_com_" title="com.traval.qa.test.EditInHotelPageTest" class="method navigator-link" hash-for-method="SucessFul_MassageConfirmation">SucessFul_MassageConfirmation</a> <!-- method navigator-link -->
                      </span>
                      <br/>
                      <span>
                        <img src="passed.png" width="3%"/>
                        <a href="#" panel-name="suite-GoDo_com_" title="com.traval.qa.test.ApplyFilterTest" class="method navigator-link" hash-for-method="SucessFul_MassageConfirmation">SucessFul_MassageConfirmation</a> <!-- method navigator-link -->
                      </span>
                      <br/>
                      <span>
                        <img src="passed.png" width="3%"/>
                        <a href="#" panel-name="suite-GoDo_com_" title="com.traval.qa.test.SearchAndHotelpageEditTest" class="method navigator-link" hash-for-method="SucessFul_MassageConfirmation">SucessFul_MassageConfirmation</a> <!-- method navigator-link -->
                      </span>
                      <br/>
                      <span>
                        <img src="passed.png" width="3%"/>
                        <a href="#" panel-name="suite-GoDo_com_" title="com.traval.qa.test.EditInSearchPageTest" class="method navigator-link" hash-for-method="ValidataBy_AddingRequirment_InHomePage">ValidataBy_AddingRequirment_InHomePage</a> <!-- method navigator-link -->
                      </span>
                      <br/>
                      <span>
                        <img src="passed.png" width="3%"/>
                        <a href="#" panel-name="suite-GoDo_com_" title="com.traval.qa.test.ApplyFilterTest" class="method navigator-link" hash-for-method="ValidataBy_AddingRequirment_InHomePage">ValidataBy_AddingRequirment_InHomePage</a> <!-- method navigator-link -->
                      </span>
                      <br/>
                      <span>
                        <img src="passed.png" width="3%"/>
                        <a href="#" panel-name="suite-GoDo_com_" title="com.traval.qa.test.ResentViewHotelTest" class="method navigator-link" hash-for-method="ValidataBy_AddingRequirment_InHomePage">ValidataBy_AddingRequirment_InHomePage</a> <!-- method navigator-link -->
                      </span>
                      <br/>
                      <span>
                        <img src="passed.png" width="3%"/>
                        <a href="#" panel-name="suite-GoDo_com_" title="com.traval.qa.test.EditInHotelPageTest" class="method navigator-link" hash-for-method="ValidataBy_AddingRequirment_InHomePage">ValidataBy_AddingRequirment_InHomePage</a> <!-- method navigator-link -->
                      </span>
                      <br/>
                      <span>
                        <img src="passed.png" width="3%"/>
                        <a href="#" panel-name="suite-GoDo_com_" title="com.traval.qa.test.SearchAndHotelpageEditTest" class="method navigator-link" hash-for-method="ValidataBy_AddingRequirment_InHomePage">ValidataBy_AddingRequirment_InHomePage</a> <!-- method navigator-link -->
                      </span>
                      <br/>
                      <span>
                        <img src="passed.png" width="3%"/>
                        <a href="#" panel-name="suite-GoDo_com_" title="com.traval.qa.test.LoginLogoutTest" class="method navigator-link" hash-for-method="Validate_AfterClicking_SignOut">Validate_AfterClicking_SignOut</a> <!-- method navigator-link -->
                      </span>
                      <br/>
                      <span>
                        <img src="passed.png" width="3%"/>
                        <a href="#" panel-name="suite-GoDo_com_" title="com.traval.qa.test.EditInHotelPageTest" class="method navigator-link" hash-for-method="Validate_CheckoutPagerequirment_From_EditedHotelPage">Validate_CheckoutPagerequirment_From_EditedHotelPage</a> <!-- method navigator-link -->
                      </span>
                      <br/>
                      <span>
                        <img src="passed.png" width="3%"/>
                        <a href="#" panel-name="suite-GoDo_com_" title="com.traval.qa.test.SearchAndHotelpageEditTest" class="method navigator-link" hash-for-method="Validate_CheckoutPagerequirment_From_EditedHotelPage">Validate_CheckoutPagerequirment_From_EditedHotelPage</a> <!-- method navigator-link -->
                      </span>
                      <br/>
                      <span>
                        <img src="passed.png" width="3%"/>
                        <a href="#" panel-name="suite-GoDo_com_" title="com.traval.qa.test.ApplyFilterTest" class="method navigator-link" hash-for-method="Validate_CheckoutPagerequirment_From_EditedHotelPage">Validate_CheckoutPagerequirment_From_EditedHotelPage</a> <!-- method navigator-link -->
                      </span>
                      <br/>
                      <span>
                        <img src="passed.png" width="3%"/>
                        <a href="#" panel-name="suite-GoDo_com_" title="com.traval.qa.test.LoginLogoutTest" class="method navigator-link" hash-for-method="Validate_HomePage">Validate_HomePage</a> <!-- method navigator-link -->
                      </span>
                      <br/>
                      <span>
                        <img src="passed.png" width="3%"/>
                        <a href="#" panel-name="suite-GoDo_com_" title="com.traval.qa.test.ResentViewHotelTest" class="method navigator-link" hash-for-method="Validate_HomePage">Validate_HomePage</a> <!-- method navigator-link -->
                      </span>
                      <br/>
                      <span>
                        <img src="passed.png" width="3%"/>
                        <a href="#" panel-name="suite-GoDo_com_" title="com.traval.qa.test.SearchCarTest" class="method navigator-link" hash-for-method="Validate_HomePage_ForCar">Validate_HomePage_ForCar</a> <!-- method navigator-link -->
                      </span>
                      <br/>
                      <span>
                        <img src="passed.png" width="3%"/>
                        <a href="#" panel-name="suite-GoDo_com_" title="com.traval.qa.test.EditInHotelPageTest" class="method navigator-link" hash-for-method="Validate_HomePage_Title">Validate_HomePage_Title</a> <!-- method navigator-link -->
                      </span>
                      <br/>
                      <span>
                        <img src="passed.png" width="3%"/>
                        <a href="#" panel-name="suite-GoDo_com_" title="com.traval.qa.test.EditInSearchPageTest" class="method navigator-link" hash-for-method="Validate_HomePage_Title">Validate_HomePage_Title</a> <!-- method navigator-link -->
                      </span>
                      <br/>
                      <span>
                        <img src="passed.png" width="3%"/>
                        <a href="#" panel-name="suite-GoDo_com_" title="com.traval.qa.test.SearchAndHotelpageEditTest" class="method navigator-link" hash-for-method="Validate_HomePage_Title">Validate_HomePage_Title</a> <!-- method navigator-link -->
                      </span>
                      <br/>
                      <span>
                        <img src="passed.png" width="3%"/>
                        <a href="#" panel-name="suite-GoDo_com_" title="com.traval.qa.test.NormalHotelBookingTest" class="method navigator-link" hash-for-method="Validate_HomePage_Title">Validate_HomePage_Title</a> <!-- method navigator-link -->
                      </span>
                      <br/>
                      <span>
                        <img src="passed.png" width="3%"/>
                        <a href="#" panel-name="suite-GoDo_com_" title="com.traval.qa.test.ApplyFilterTest" class="method navigator-link" hash-for-method="Validate_Hotelpage_booking">Validate_Hotelpage_booking</a> <!-- method navigator-link -->
                      </span>
                      <br/>
                      <span>
                        <img src="passed.png" width="3%"/>
                        <a href="#" panel-name="suite-GoDo_com_" title="com.traval.qa.test.ResentViewHotelTest" class="method navigator-link" hash-for-method="Validate_Selected_HotelIn_HomePage_RecentTab">Validate_Selected_HotelIn_HomePage_RecentTab</a> <!-- method navigator-link -->
                      </span>
                      <br/>
                      <span>
                        <img src="passed.png" width="3%"/>
                        <a href="#" panel-name="suite-GoDo_com_" title="com.traval.qa.test.LoginLogoutTest" class="method navigator-link" hash-for-method="Validate_SucessFullLogin_ClickMultiplePage">Validate_SucessFullLogin_ClickMultiplePage</a> <!-- method navigator-link -->
                      </span>
                      <br/>
                      <span>
                        <img src="passed.png" width="3%"/>
                        <a href="#" panel-name="suite-GoDo_com_" title="com.traval.qa.test.LoginLogoutTest" class="method navigator-link" hash-for-method="Validate_UnsucessfulLogin">Validate_UnsucessfulLogin</a> <!-- method navigator-link -->
                      </span>
                      <br/>
                      <span>
                        <img src="passed.png" width="3%"/>
                        <a href="#" panel-name="suite-GoDo_com_" title="com.traval.qa.test.EditInHotelPageTest" class="method navigator-link" hash-for-method="Validateby_Requirments_Matchingin_ListingPage_FromHomePage">Validateby_Requirments_Matchingin_ListingPage_FromHomePage</a> <!-- method navigator-link -->
                      </span>
                      <br/>
                      <span>
                        <img src="passed.png" width="3%"/>
                        <a href="#" panel-name="suite-GoDo_com_" title="com.traval.qa.test.ResentViewHotelTest" class="method navigator-link" hash-for-method="Validateby_Selecting_The_Recent_Three_Hotel">Validateby_Selecting_The_Recent_Three_Hotel</a> <!-- method navigator-link -->
                      </span>
                      <br/>
                      <span>
                        <img src="passed.png" width="3%"/>
                        <a href="#" panel-name="suite-GoDo_com_" title="com.traval.qa.test.ApplyFilterTest" class="method navigator-link" hash-for-method="verify_Multiple_Filter_ListingPage">verify_Multiple_Filter_ListingPage</a> <!-- method navigator-link -->
                      </span>
                      <br/>
                    </div> <!-- method-list-content passed suite-GoDo_com_ -->
                  </li>
                </ul>
              </div> <!-- suite-section-content -->
            </div> <!-- result-section -->
          </div> <!-- navigator-suite-content -->
        </div> <!-- rounded-window -->
      </div> <!-- suite -->
    </div> <!-- navigator-root -->
    <div class="wrapper">
      <div class="main-panel-root">
        <div panel-name="suite-GoDo_com_" class="panel GoDo_com_">
          <div class="suite-GoDo_com_-class-failed">
            <div class="main-panel-header rounded-window-top">
              <img src="failed.png"/>
              <span class="class-name">com.traval.qa.test.NormalHotelBookingTest</span>
            </div> <!-- main-panel-header rounded-window-top -->
            <div class="main-panel-content rounded-window-bottom">
              <div class="method">
                <div class="method-content">
                  <a name="SucessFul_MassageConfirmation">
                  </a> <!-- SucessFul_MassageConfirmation -->
                  <span class="method-name">SucessFul_MassageConfirmation</span>
                  <div class="stack-trace">org.openqa.selenium.NoSuchElementException: no such element: Unable to locate element: {&quot;method&quot;:&quot;xpath&quot;,&quot;selector&quot;:&quot;//*[@id=&quot;bodyContainerThin&quot;]/div[2]/div&quot;}
  (Session info: chrome=121.0.6167.161)
For documentation on this error, please visit: https://www.selenium.dev/documentation/webdriver/troubleshooting/errors#no-such-element-exception
Build info: version: &apos;4.17.0&apos;, revision: &apos;e52b1be057*&apos;
System info: os.name: &apos;Windows 10&apos;, os.arch: &apos;amd64&apos;, os.version: &apos;10.0&apos;, java.version: &apos;17.0.8&apos;
Driver info: org.openqa.selenium.chrome.ChromeDriver
Command: [327eb38b5ba0a3f5a0b10fb7e75640be, findElement {value=//*[@id=&quot;bodyContainerThin&quot;]/div[2]/div, using=xpath}]
Capabilities {acceptInsecureCerts: false, browserName: chrome, browserVersion: 121.0.6167.161, chrome: {chromedriverVersion: 121.0.6167.85 (3f98d690ad7e..., userDataDir: C:\Users\Hp\AppData\Local\T...}, fedcm:accounts: true, goog:chromeOptions: {debuggerAddress: localhost:64380}, networkConnectionEnabled: false, pageLoadStrategy: normal, platformName: windows, proxy: Proxy(), se:cdp: ws://localhost:64380/devtoo..., se:cdpVersion: 121.0.6167.161, setWindowRect: true, strictFileInteractability: false, timeouts: {implicit: 0, pageLoad: 300000, script: 30000}, unhandledPromptBehavior: dismiss and notify, webauthn:extension:credBlob: true, webauthn:extension:largeBlob: true, webauthn:extension:minPinLength: true, webauthn:extension:prf: true, webauthn:virtualAuthenticators: true}
Session ID: 327eb38b5ba0a3f5a0b10fb7e75640be
	at org.openqa.selenium.remote.codec.w3c.W3CHttpResponseCodec.createException(W3CHttpResponseCodec.java:185)
	at org.openqa.selenium.remote.codec.w3c.W3CHttpResponseCodec.decode(W3CHttpResponseCodec.java:134)
	at org.openqa.selenium.remote.codec.w3c.W3CHttpResponseCodec.decode(W3CHttpResponseCodec.java:51)
	at org.openqa.selenium.remote.HttpCommandExecutor.execute(HttpCommandExecutor.java:190)
	at org.openqa.selenium.remote.service.DriverCommandExecutor.invokeExecute(DriverCommandExecutor.java:216)
	at org.openqa.selenium.remote.service.DriverCommandExecutor.execute(DriverCommandExecutor.java:174)
	at org.openqa.selenium.remote.RemoteWebDriver.execute(RemoteWebDriver.java:519)
	at org.openqa.selenium.remote.ElementLocation$ElementFinder$2.findElement(ElementLocation.java:165)
	at org.openqa.selenium.remote.ElementLocation.findElement(ElementLocation.java:59)
	at org.openqa.selenium.remote.RemoteWebDriver.findElement(RemoteWebDriver.java:356)
	at org.openqa.selenium.remote.RemoteWebDriver.findElement(RemoteWebDriver.java:350)
	at com.traval.qa.pages.SearchHotels.SucessMassageTitle(SearchHotels.java:748)
	at com.traval.qa.test.NormalHotelBookingTest.SucessFul_MassageConfirmation(NormalHotelBookingTest.java:112)
	at java.base/java.util.ArrayList.forEach(ArrayList.java:1511)
	at com.traval.qa.test.TestRunner.main(TestRunner.java:14)
... Removed 29 stack frames
</div> <!-- stack-trace -->
                </div> <!-- method-content -->
              </div> <!-- method -->
              <div class="method">
                <div class="method-content">
                  <a name="ValidataBy_AddingRequirment_InHomePage">
                  </a> <!-- ValidataBy_AddingRequirment_InHomePage -->
                  <span class="method-name">ValidataBy_AddingRequirment_InHomePage</span>
                  <div class="stack-trace">org.openqa.selenium.NoSuchElementException: no such element: Unable to locate element: {&quot;method&quot;:&quot;xpath&quot;,&quot;selector&quot;:&quot;//div[@id=&apos;suggestResult1&apos;]&quot;}
  (Session info: chrome=121.0.6167.161)
For documentation on this error, please visit: https://www.selenium.dev/documentation/webdriver/troubleshooting/errors#no-such-element-exception
Build info: version: &apos;4.17.0&apos;, revision: &apos;e52b1be057*&apos;
System info: os.name: &apos;Windows 10&apos;, os.arch: &apos;amd64&apos;, os.version: &apos;10.0&apos;, java.version: &apos;17.0.8&apos;
Driver info: org.openqa.selenium.chrome.ChromeDriver
Command: [327eb38b5ba0a3f5a0b10fb7e75640be, findElement {value=//div[@id=&apos;suggestResult1&apos;], using=xpath}]
Capabilities {acceptInsecureCerts: false, browserName: chrome, browserVersion: 121.0.6167.161, chrome: {chromedriverVersion: 121.0.6167.85 (3f98d690ad7e..., userDataDir: C:\Users\Hp\AppData\Local\T...}, fedcm:accounts: true, goog:chromeOptions: {debuggerAddress: localhost:64380}, networkConnectionEnabled: false, pageLoadStrategy: normal, platformName: windows, proxy: Proxy(), se:cdp: ws://localhost:64380/devtoo..., se:cdpVersion: 121.0.6167.161, setWindowRect: true, strictFileInteractability: false, timeouts: {implicit: 0, pageLoad: 300000, script: 30000}, unhandledPromptBehavior: dismiss and notify, webauthn:extension:credBlob: true, webauthn:extension:largeBlob: true, webauthn:extension:minPinLength: true, webauthn:extension:prf: true, webauthn:virtualAuthenticators: true}
Session ID: 327eb38b5ba0a3f5a0b10fb7e75640be
	at org.openqa.selenium.remote.codec.w3c.W3CHttpResponseCodec.createException(W3CHttpResponseCodec.java:185)
	at org.openqa.selenium.remote.codec.w3c.W3CHttpResponseCodec.decode(W3CHttpResponseCodec.java:134)
	at org.openqa.selenium.remote.codec.w3c.W3CHttpResponseCodec.decode(W3CHttpResponseCodec.java:51)
	at org.openqa.selenium.remote.HttpCommandExecutor.execute(HttpCommandExecutor.java:190)
	at org.openqa.selenium.remote.service.DriverCommandExecutor.invokeExecute(DriverCommandExecutor.java:216)
	at org.openqa.selenium.remote.service.DriverCommandExecutor.execute(DriverCommandExecutor.java:174)
	at org.openqa.selenium.remote.RemoteWebDriver.execute(RemoteWebDriver.java:519)
	at org.openqa.selenium.remote.ElementLocation$ElementFinder$2.findElement(ElementLocation.java:165)
	at org.openqa.selenium.remote.ElementLocation.findElement(ElementLocation.java:59)
	at org.openqa.selenium.remote.RemoteWebDriver.findElement(RemoteWebDriver.java:356)
	at org.openqa.selenium.remote.RemoteWebDriver.findElement(RemoteWebDriver.java:350)
	at org.openqa.selenium.support.pagefactory.DefaultElementLocator.findElement(DefaultElementLocator.java:68)
	at org.openqa.selenium.support.pagefactory.internal.LocatingElementHandler.invoke(LocatingElementHandler.java:38)
	at jdk.proxy2/jdk.proxy2.$Proxy9.click(Unknown Source)
	at com.traval.qa.pages.SearchHotels.AddingRequirment(SearchHotels.java:233)
	at com.traval.qa.test.NormalHotelBookingTest.ValidataBy_AddingRequirment_InHomePage(NormalHotelBookingTest.java:48)
	at java.base/java.util.ArrayList.forEach(ArrayList.java:1511)
	at com.traval.qa.test.TestRunner.main(TestRunner.java:14)
... Removed 29 stack frames
</div> <!-- stack-trace -->
                </div> <!-- method-content -->
              </div> <!-- method -->
              <div class="method">
                <div class="method-content">
                  <a name="Validate_CheckoutPagerequirment_From_HomePage">
                  </a> <!-- Validate_CheckoutPagerequirment_From_HomePage -->
                  <span class="method-name">Validate_CheckoutPagerequirment_From_HomePage</span>
                  <div class="stack-trace">org.openqa.selenium.NoSuchElementException: no such element: Unable to locate element: {&quot;method&quot;:&quot;xpath&quot;,&quot;selector&quot;:&quot;//*[@id=&quot;bookingDetailsContainer&quot;]/div[3]/div[2]&quot;}
  (Session info: chrome=121.0.6167.161)
For documentation on this error, please visit: https://www.selenium.dev/documentation/webdriver/troubleshooting/errors#no-such-element-exception
Build info: version: &apos;4.17.0&apos;, revision: &apos;e52b1be057*&apos;
System info: os.name: &apos;Windows 10&apos;, os.arch: &apos;amd64&apos;, os.version: &apos;10.0&apos;, java.version: &apos;17.0.8&apos;
Driver info: org.openqa.selenium.chrome.ChromeDriver
Command: [327eb38b5ba0a3f5a0b10fb7e75640be, findElement {value=//*[@id=&quot;bookingDetailsContainer&quot;]/div[3]/div[2], using=xpath}]
Capabilities {acceptInsecureCerts: false, browserName: chrome, browserVersion: 121.0.6167.161, chrome: {chromedriverVersion: 121.0.6167.85 (3f98d690ad7e..., userDataDir: C:\Users\Hp\AppData\Local\T...}, fedcm:accounts: true, goog:chromeOptions: {debuggerAddress: localhost:64380}, networkConnectionEnabled: false, pageLoadStrategy: normal, platformName: windows, proxy: Proxy(), se:cdp: ws://localhost:64380/devtoo..., se:cdpVersion: 121.0.6167.161, setWindowRect: true, strictFileInteractability: false, timeouts: {implicit: 0, pageLoad: 300000, script: 30000}, unhandledPromptBehavior: dismiss and notify, webauthn:extension:credBlob: true, webauthn:extension:largeBlob: true, webauthn:extension:minPinLength: true, webauthn:extension:prf: true, webauthn:virtualAuthenticators: true}
Session ID: 327eb38b5ba0a3f5a0b10fb7e75640be
	at org.openqa.selenium.remote.codec.w3c.W3CHttpResponseCodec.createException(W3CHttpResponseCodec.java:185)
	at org.openqa.selenium.remote.codec.w3c.W3CHttpResponseCodec.decode(W3CHttpResponseCodec.java:134)
	at org.openqa.selenium.remote.codec.w3c.W3CHttpResponseCodec.decode(W3CHttpResponseCodec.java:51)
	at org.openqa.selenium.remote.HttpCommandExecutor.execute(HttpCommandExecutor.java:190)
	at org.openqa.selenium.remote.service.DriverCommandExecutor.invokeExecute(DriverCommandExecutor.java:216)
	at org.openqa.selenium.remote.service.DriverCommandExecutor.execute(DriverCommandExecutor.java:174)
	at org.openqa.selenium.remote.RemoteWebDriver.execute(RemoteWebDriver.java:519)
	at org.openqa.selenium.remote.ElementLocation$ElementFinder$2.findElement(ElementLocation.java:165)
	at org.openqa.selenium.remote.ElementLocation.findElement(ElementLocation.java:59)
	at org.openqa.selenium.remote.RemoteWebDriver.findElement(RemoteWebDriver.java:356)
	at org.openqa.selenium.remote.RemoteWebDriver.findElement(RemoteWebDriver.java:350)
	at com.traval.qa.pages.SearchHotels.DetailsRequirmentInCheckoutPage(SearchHotels.java:706)
	at com.traval.qa.test.NormalHotelBookingTest.Validate_CheckoutPagerequirment_From_HomePage(NormalHotelBookingTest.java:97)
	at java.base/java.util.ArrayList.forEach(ArrayList.java:1511)
	at com.traval.qa.test.TestRunner.main(TestRunner.java:14)
... Removed 29 stack frames
</div> <!-- stack-trace -->
                </div> <!-- method-content -->
              </div> <!-- method -->
              <div class="method">
                <div class="method-content">
                  <a name="Validate_Hotelpage_bycheckingrequirment_FromHomePage">
                  </a> <!-- Validate_Hotelpage_bycheckingrequirment_FromHomePage -->
                  <span class="method-name">Validate_Hotelpage_bycheckingrequirment_FromHomePage</span>
                  <div class="stack-trace">org.openqa.selenium.NoSuchElementException: no such element: Unable to locate element: {&quot;method&quot;:&quot;xpath&quot;,&quot;selector&quot;:&quot;//input[@id=&apos;travelDates&apos;]&quot;}
  (Session info: chrome=121.0.6167.161)
For documentation on this error, please visit: https://www.selenium.dev/documentation/webdriver/troubleshooting/errors#no-such-element-exception
Build info: version: &apos;4.17.0&apos;, revision: &apos;e52b1be057*&apos;
System info: os.name: &apos;Windows 10&apos;, os.arch: &apos;amd64&apos;, os.version: &apos;10.0&apos;, java.version: &apos;17.0.8&apos;
Driver info: org.openqa.selenium.chrome.ChromeDriver
Command: [327eb38b5ba0a3f5a0b10fb7e75640be, findElement {value=//input[@id=&apos;travelDates&apos;], using=xpath}]
Capabilities {acceptInsecureCerts: false, browserName: chrome, browserVersion: 121.0.6167.161, chrome: {chromedriverVersion: 121.0.6167.85 (3f98d690ad7e..., userDataDir: C:\Users\Hp\AppData\Local\T...}, fedcm:accounts: true, goog:chromeOptions: {debuggerAddress: localhost:64380}, networkConnectionEnabled: false, pageLoadStrategy: normal, platformName: windows, proxy: Proxy(), se:cdp: ws://localhost:64380/devtoo..., se:cdpVersion: 121.0.6167.161, setWindowRect: true, strictFileInteractability: false, timeouts: {implicit: 0, pageLoad: 300000, script: 30000}, unhandledPromptBehavior: dismiss and notify, webauthn:extension:credBlob: true, webauthn:extension:largeBlob: true, webauthn:extension:minPinLength: true, webauthn:extension:prf: true, webauthn:virtualAuthenticators: true}
Session ID: 327eb38b5ba0a3f5a0b10fb7e75640be
	at org.openqa.selenium.remote.codec.w3c.W3CHttpResponseCodec.createException(W3CHttpResponseCodec.java:185)
	at org.openqa.selenium.remote.codec.w3c.W3CHttpResponseCodec.decode(W3CHttpResponseCodec.java:134)
	at org.openqa.selenium.remote.codec.w3c.W3CHttpResponseCodec.decode(W3CHttpResponseCodec.java:51)
	at org.openqa.selenium.remote.HttpCommandExecutor.execute(HttpCommandExecutor.java:190)
	at org.openqa.selenium.remote.service.DriverCommandExecutor.invokeExecute(DriverCommandExecutor.java:216)
	at org.openqa.selenium.remote.service.DriverCommandExecutor.execute(DriverCommandExecutor.java:174)
	at org.openqa.selenium.remote.RemoteWebDriver.execute(RemoteWebDriver.java:519)
	at org.openqa.selenium.remote.ElementLocation$ElementFinder$2.findElement(ElementLocation.java:165)
	at org.openqa.selenium.remote.ElementLocation.findElement(ElementLocation.java:59)
	at org.openqa.selenium.remote.RemoteWebDriver.findElement(RemoteWebDriver.java:356)
	at org.openqa.selenium.remote.RemoteWebDriver.findElement(RemoteWebDriver.java:350)
	at com.traval.qa.pages.SearchHotels.checkrequirmentmatchinhotelPage(SearchHotels.java:571)
	at com.traval.qa.test.NormalHotelBookingTest.Validate_Hotelpage_bycheckingrequirment_FromHomePage(NormalHotelBookingTest.java:82)
	at java.base/java.util.ArrayList.forEach(ArrayList.java:1511)
	at com.traval.qa.test.TestRunner.main(TestRunner.java:14)
... Removed 29 stack frames
</div> <!-- stack-trace -->
                </div> <!-- method-content -->
              </div> <!-- method -->
              <div class="method">
                <div class="method-content">
                  <a name="Validateby_Requirments_Matchingin_ListingPage_FromHomePage">
                  </a> <!-- Validateby_Requirments_Matchingin_ListingPage_FromHomePage -->
                  <span class="method-name">Validateby_Requirments_Matchingin_ListingPage_FromHomePage</span>
                  <div class="stack-trace">org.openqa.selenium.NoSuchElementException: no such element: Unable to locate element: {&quot;method&quot;:&quot;xpath&quot;,&quot;selector&quot;:&quot;(//input[@id=&apos;checkinInput&apos;])[1]&quot;}
  (Session info: chrome=121.0.6167.161)
For documentation on this error, please visit: https://www.selenium.dev/documentation/webdriver/troubleshooting/errors#no-such-element-exception
Build info: version: &apos;4.17.0&apos;, revision: &apos;e52b1be057*&apos;
System info: os.name: &apos;Windows 10&apos;, os.arch: &apos;amd64&apos;, os.version: &apos;10.0&apos;, java.version: &apos;17.0.8&apos;
Driver info: org.openqa.selenium.chrome.ChromeDriver
Command: [327eb38b5ba0a3f5a0b10fb7e75640be, findElement {value=(//input[@id=&apos;checkinInput&apos;])[1], using=xpath}]
Capabilities {acceptInsecureCerts: false, browserName: chrome, browserVersion: 121.0.6167.161, chrome: {chromedriverVersion: 121.0.6167.85 (3f98d690ad7e..., userDataDir: C:\Users\Hp\AppData\Local\T...}, fedcm:accounts: true, goog:chromeOptions: {debuggerAddress: localhost:64380}, networkConnectionEnabled: false, pageLoadStrategy: normal, platformName: windows, proxy: Proxy(), se:cdp: ws://localhost:64380/devtoo..., se:cdpVersion: 121.0.6167.161, setWindowRect: true, strictFileInteractability: false, timeouts: {implicit: 0, pageLoad: 300000, script: 30000}, unhandledPromptBehavior: dismiss and notify, webauthn:extension:credBlob: true, webauthn:extension:largeBlob: true, webauthn:extension:minPinLength: true, webauthn:extension:prf: true, webauthn:virtualAuthenticators: true}
Session ID: 327eb38b5ba0a3f5a0b10fb7e75640be
	at org.openqa.selenium.remote.codec.w3c.W3CHttpResponseCodec.createException(W3CHttpResponseCodec.java:185)
	at org.openqa.selenium.remote.codec.w3c.W3CHttpResponseCodec.decode(W3CHttpResponseCodec.java:134)
	at org.openqa.selenium.remote.codec.w3c.W3CHttpResponseCodec.decode(W3CHttpResponseCodec.java:51)
	at org.openqa.selenium.remote.HttpCommandExecutor.execute(HttpCommandExecutor.java:190)
	at org.openqa.selenium.remote.service.DriverCommandExecutor.invokeExecute(DriverCommandExecutor.java:216)
	at org.openqa.selenium.remote.service.DriverCommandExecutor.execute(DriverCommandExecutor.java:174)
	at org.openqa.selenium.remote.RemoteWebDriver.execute(RemoteWebDriver.java:519)
	at org.openqa.selenium.remote.ElementLocation$ElementFinder$2.findElement(ElementLocation.java:165)
	at org.openqa.selenium.remote.ElementLocation.findElement(ElementLocation.java:59)
	at org.openqa.selenium.remote.RemoteWebDriver.findElement(RemoteWebDriver.java:356)
	at org.openqa.selenium.remote.RemoteWebDriver.findElement(RemoteWebDriver.java:350)
	at com.traval.qa.pages.SearchHotels.StoreListingPagesDetails(SearchHotels.java:301)
	at com.traval.qa.test.NormalHotelBookingTest.Validateby_Requirments_Matchingin_ListingPage_FromHomePage(NormalHotelBookingTest.java:60)
	at java.base/java.util.ArrayList.forEach(ArrayList.java:1511)
	at com.traval.qa.test.TestRunner.main(TestRunner.java:14)
... Removed 29 stack frames
</div> <!-- stack-trace -->
                </div> <!-- method-content -->
              </div> <!-- method -->
            </div> <!-- main-panel-content rounded-window-bottom -->
          </div> <!-- suite-GoDo_com_-class-failed -->
          <div class="suite-GoDo_com_-class-failed">
            <div class="main-panel-header rounded-window-top">
              <img src="failed.png"/>
              <span class="class-name">com.traval.qa.test.EditInSearchPageTest</span>
            </div> <!-- main-panel-header rounded-window-top -->
            <div class="main-panel-content rounded-window-bottom">
              <div class="method">
                <div class="method-content">
                  <a name="Edit_Requirments_InListingPage">
                  </a> <!-- Edit_Requirments_InListingPage -->
                  <span class="method-name">Edit_Requirments_InListingPage</span>
                  <div class="stack-trace">org.openqa.selenium.StaleElementReferenceException: stale element reference: stale element not found
  (Session info: chrome=121.0.6167.161)
For documentation on this error, please visit: https://www.selenium.dev/documentation/webdriver/troubleshooting/errors#stale-element-reference-exception
Build info: version: &apos;4.17.0&apos;, revision: &apos;e52b1be057*&apos;
System info: os.name: &apos;Windows 10&apos;, os.arch: &apos;amd64&apos;, os.version: &apos;10.0&apos;, java.version: &apos;17.0.8&apos;
Driver info: org.openqa.selenium.chrome.ChromeDriver
Command: [51fc12ed9ea148ee7b20471e0614849f, clickElement {id=11173EF8408954749120D95BA94F642C_element_165}]
Capabilities {acceptInsecureCerts: false, browserName: chrome, browserVersion: 121.0.6167.161, chrome: {chromedriverVersion: 121.0.6167.85 (3f98d690ad7e..., userDataDir: C:\Users\Hp\AppData\Local\T...}, fedcm:accounts: true, goog:chromeOptions: {debuggerAddress: localhost:64486}, networkConnectionEnabled: false, pageLoadStrategy: normal, platformName: windows, proxy: Proxy(), se:cdp: ws://localhost:64486/devtoo..., se:cdpVersion: 121.0.6167.161, setWindowRect: true, strictFileInteractability: false, timeouts: {implicit: 0, pageLoad: 300000, script: 30000}, unhandledPromptBehavior: dismiss and notify, webauthn:extension:credBlob: true, webauthn:extension:largeBlob: true, webauthn:extension:minPinLength: true, webauthn:extension:prf: true, webauthn:virtualAuthenticators: true}
Element: [[ChromeDriver: chrome on windows (51fc12ed9ea148ee7b20471e0614849f)] -&gt; xpath: //div[@id=&apos;suggestResult1&apos;]]
Session ID: 51fc12ed9ea148ee7b20471e0614849f
	at org.openqa.selenium.remote.codec.w3c.W3CHttpResponseCodec.createException(W3CHttpResponseCodec.java:185)
	at org.openqa.selenium.remote.codec.w3c.W3CHttpResponseCodec.decode(W3CHttpResponseCodec.java:134)
	at org.openqa.selenium.remote.codec.w3c.W3CHttpResponseCodec.decode(W3CHttpResponseCodec.java:51)
	at org.openqa.selenium.remote.HttpCommandExecutor.execute(HttpCommandExecutor.java:190)
	at org.openqa.selenium.remote.service.DriverCommandExecutor.invokeExecute(DriverCommandExecutor.java:216)
	at org.openqa.selenium.remote.service.DriverCommandExecutor.execute(DriverCommandExecutor.java:174)
	at org.openqa.selenium.remote.RemoteWebDriver.execute(RemoteWebDriver.java:519)
	at org.openqa.selenium.remote.RemoteWebElement.execute(RemoteWebElement.java:223)
	at org.openqa.selenium.remote.RemoteWebElement.click(RemoteWebElement.java:76)
	at com.traval.qa.pages.SearchHotels.EditListingPagesLocation(SearchHotels.java:323)
	at com.traval.qa.test.EditInSearchPageTest.Edit_Requirments_InListingPage(EditInSearchPageTest.java:65)
	at java.base/java.util.ArrayList.forEach(ArrayList.java:1511)
	at com.traval.qa.test.TestRunner.main(TestRunner.java:14)
... Removed 29 stack frames
</div> <!-- stack-trace -->
                </div> <!-- method-content -->
              </div> <!-- method -->
              <div class="method">
                <div class="method-content">
                  <a name="SucessFul_MassageConfirmation">
                  </a> <!-- SucessFul_MassageConfirmation -->
                  <span class="method-name">SucessFul_MassageConfirmation</span>
                  <div class="stack-trace">org.openqa.selenium.NoSuchElementException: no such element: Unable to locate element: {&quot;method&quot;:&quot;xpath&quot;,&quot;selector&quot;:&quot;//*[@id=&quot;bodyContainerThin&quot;]/div[2]/div&quot;}
  (Session info: chrome=121.0.6167.161)
For documentation on this error, please visit: https://www.selenium.dev/documentation/webdriver/troubleshooting/errors#no-such-element-exception
Build info: version: &apos;4.17.0&apos;, revision: &apos;e52b1be057*&apos;
System info: os.name: &apos;Windows 10&apos;, os.arch: &apos;amd64&apos;, os.version: &apos;10.0&apos;, java.version: &apos;17.0.8&apos;
Driver info: org.openqa.selenium.chrome.ChromeDriver
Command: [51fc12ed9ea148ee7b20471e0614849f, findElement {value=//*[@id=&quot;bodyContainerThin&quot;]/div[2]/div, using=xpath}]
Capabilities {acceptInsecureCerts: false, browserName: chrome, browserVersion: 121.0.6167.161, chrome: {chromedriverVersion: 121.0.6167.85 (3f98d690ad7e..., userDataDir: C:\Users\Hp\AppData\Local\T...}, fedcm:accounts: true, goog:chromeOptions: {debuggerAddress: localhost:64486}, networkConnectionEnabled: false, pageLoadStrategy: normal, platformName: windows, proxy: Proxy(), se:cdp: ws://localhost:64486/devtoo..., se:cdpVersion: 121.0.6167.161, setWindowRect: true, strictFileInteractability: false, timeouts: {implicit: 0, pageLoad: 300000, script: 30000}, unhandledPromptBehavior: dismiss and notify, webauthn:extension:credBlob: true, webauthn:extension:largeBlob: true, webauthn:extension:minPinLength: true, webauthn:extension:prf: true, webauthn:virtualAuthenticators: true}
Session ID: 51fc12ed9ea148ee7b20471e0614849f
	at org.openqa.selenium.remote.codec.w3c.W3CHttpResponseCodec.createException(W3CHttpResponseCodec.java:185)
	at org.openqa.selenium.remote.codec.w3c.W3CHttpResponseCodec.decode(W3CHttpResponseCodec.java:134)
	at org.openqa.selenium.remote.codec.w3c.W3CHttpResponseCodec.decode(W3CHttpResponseCodec.java:51)
	at org.openqa.selenium.remote.HttpCommandExecutor.execute(HttpCommandExecutor.java:190)
	at org.openqa.selenium.remote.service.DriverCommandExecutor.invokeExecute(DriverCommandExecutor.java:216)
	at org.openqa.selenium.remote.service.DriverCommandExecutor.execute(DriverCommandExecutor.java:174)
	at org.openqa.selenium.remote.RemoteWebDriver.execute(RemoteWebDriver.java:519)
	at org.openqa.selenium.remote.ElementLocation$ElementFinder$2.findElement(ElementLocation.java:165)
	at org.openqa.selenium.remote.ElementLocation.findElement(ElementLocation.java:59)
	at org.openqa.selenium.remote.RemoteWebDriver.findElement(RemoteWebDriver.java:356)
	at org.openqa.selenium.remote.RemoteWebDriver.findElement(RemoteWebDriver.java:350)
	at com.traval.qa.pages.SearchHotels.SucessMassageTitle(SearchHotels.java:748)
	at com.traval.qa.test.EditInSearchPageTest.SucessFul_MassageConfirmation(EditInSearchPageTest.java:127)
	at java.base/java.util.ArrayList.forEach(ArrayList.java:1511)
	at com.traval.qa.test.TestRunner.main(TestRunner.java:14)
... Removed 29 stack frames
</div> <!-- stack-trace -->
                </div> <!-- method-content -->
              </div> <!-- method -->
              <div class="method">
                <div class="method-content">
                  <a name="Validate_CheckoutPagerequirment_From_EditedLisngPage">
                  </a> <!-- Validate_CheckoutPagerequirment_From_EditedLisngPage -->
                  <span class="method-name">Validate_CheckoutPagerequirment_From_EditedLisngPage</span>
                  <div class="stack-trace">org.openqa.selenium.NoSuchElementException: no such element: Unable to locate element: {&quot;method&quot;:&quot;xpath&quot;,&quot;selector&quot;:&quot;//*[@id=&quot;bookingDetailsContainer&quot;]/div[3]/div[2]&quot;}
  (Session info: chrome=121.0.6167.161)
For documentation on this error, please visit: https://www.selenium.dev/documentation/webdriver/troubleshooting/errors#no-such-element-exception
Build info: version: &apos;4.17.0&apos;, revision: &apos;e52b1be057*&apos;
System info: os.name: &apos;Windows 10&apos;, os.arch: &apos;amd64&apos;, os.version: &apos;10.0&apos;, java.version: &apos;17.0.8&apos;
Driver info: org.openqa.selenium.chrome.ChromeDriver
Command: [51fc12ed9ea148ee7b20471e0614849f, findElement {value=//*[@id=&quot;bookingDetailsContainer&quot;]/div[3]/div[2], using=xpath}]
Capabilities {acceptInsecureCerts: false, browserName: chrome, browserVersion: 121.0.6167.161, chrome: {chromedriverVersion: 121.0.6167.85 (3f98d690ad7e..., userDataDir: C:\Users\Hp\AppData\Local\T...}, fedcm:accounts: true, goog:chromeOptions: {debuggerAddress: localhost:64486}, networkConnectionEnabled: false, pageLoadStrategy: normal, platformName: windows, proxy: Proxy(), se:cdp: ws://localhost:64486/devtoo..., se:cdpVersion: 121.0.6167.161, setWindowRect: true, strictFileInteractability: false, timeouts: {implicit: 0, pageLoad: 300000, script: 30000}, unhandledPromptBehavior: dismiss and notify, webauthn:extension:credBlob: true, webauthn:extension:largeBlob: true, webauthn:extension:minPinLength: true, webauthn:extension:prf: true, webauthn:virtualAuthenticators: true}
Session ID: 51fc12ed9ea148ee7b20471e0614849f
	at org.openqa.selenium.remote.codec.w3c.W3CHttpResponseCodec.createException(W3CHttpResponseCodec.java:185)
	at org.openqa.selenium.remote.codec.w3c.W3CHttpResponseCodec.decode(W3CHttpResponseCodec.java:134)
	at org.openqa.selenium.remote.codec.w3c.W3CHttpResponseCodec.decode(W3CHttpResponseCodec.java:51)
	at org.openqa.selenium.remote.HttpCommandExecutor.execute(HttpCommandExecutor.java:190)
	at org.openqa.selenium.remote.service.DriverCommandExecutor.invokeExecute(DriverCommandExecutor.java:216)
	at org.openqa.selenium.remote.service.DriverCommandExecutor.execute(DriverCommandExecutor.java:174)
	at org.openqa.selenium.remote.RemoteWebDriver.execute(RemoteWebDriver.java:519)
	at org.openqa.selenium.remote.ElementLocation$ElementFinder$2.findElement(ElementLocation.java:165)
	at org.openqa.selenium.remote.ElementLocation.findElement(ElementLocation.java:59)
	at org.openqa.selenium.remote.RemoteWebDriver.findElement(RemoteWebDriver.java:356)
	at org.openqa.selenium.remote.RemoteWebDriver.findElement(RemoteWebDriver.java:350)
	at com.traval.qa.pages.SearchHotels.DetailsRequirmentInCheckoutPage(SearchHotels.java:706)
	at com.traval.qa.test.EditInSearchPageTest.Validate_CheckoutPagerequirment_From_EditedLisngPage(EditInSearchPageTest.java:110)
	at java.base/java.util.ArrayList.forEach(ArrayList.java:1511)
	at com.traval.qa.test.TestRunner.main(TestRunner.java:14)
... Removed 29 stack frames
</div> <!-- stack-trace -->
                </div> <!-- method-content -->
              </div> <!-- method -->
              <div class="method">
                <div class="method-content">
                  <a name="Validate_Hotelpageby_checkingrequirment_From_EditedListingPage">
                  </a> <!-- Validate_Hotelpageby_checkingrequirment_From_EditedListingPage -->
                  <span class="method-name">Validate_Hotelpageby_checkingrequirment_From_EditedListingPage</span>
                  <div class="stack-trace">org.openqa.selenium.NoSuchElementException: no such element: Unable to locate element: {&quot;method&quot;:&quot;xpath&quot;,&quot;selector&quot;:&quot;//input[@id=&apos;travelDates&apos;]&quot;}
  (Session info: chrome=121.0.6167.161)
For documentation on this error, please visit: https://www.selenium.dev/documentation/webdriver/troubleshooting/errors#no-such-element-exception
Build info: version: &apos;4.17.0&apos;, revision: &apos;e52b1be057*&apos;
System info: os.name: &apos;Windows 10&apos;, os.arch: &apos;amd64&apos;, os.version: &apos;10.0&apos;, java.version: &apos;17.0.8&apos;
Driver info: org.openqa.selenium.chrome.ChromeDriver
Command: [51fc12ed9ea148ee7b20471e0614849f, findElement {value=//input[@id=&apos;travelDates&apos;], using=xpath}]
Capabilities {acceptInsecureCerts: false, browserName: chrome, browserVersion: 121.0.6167.161, chrome: {chromedriverVersion: 121.0.6167.85 (3f98d690ad7e..., userDataDir: C:\Users\Hp\AppData\Local\T...}, fedcm:accounts: true, goog:chromeOptions: {debuggerAddress: localhost:64486}, networkConnectionEnabled: false, pageLoadStrategy: normal, platformName: windows, proxy: Proxy(), se:cdp: ws://localhost:64486/devtoo..., se:cdpVersion: 121.0.6167.161, setWindowRect: true, strictFileInteractability: false, timeouts: {implicit: 0, pageLoad: 300000, script: 30000}, unhandledPromptBehavior: dismiss and notify, webauthn:extension:credBlob: true, webauthn:extension:largeBlob: true, webauthn:extension:minPinLength: true, webauthn:extension:prf: true, webauthn:virtualAuthenticators: true}
Session ID: 51fc12ed9ea148ee7b20471e0614849f
	at org.openqa.selenium.remote.codec.w3c.W3CHttpResponseCodec.createException(W3CHttpResponseCodec.java:185)
	at org.openqa.selenium.remote.codec.w3c.W3CHttpResponseCodec.decode(W3CHttpResponseCodec.java:134)
	at org.openqa.selenium.remote.codec.w3c.W3CHttpResponseCodec.decode(W3CHttpResponseCodec.java:51)
	at org.openqa.selenium.remote.HttpCommandExecutor.execute(HttpCommandExecutor.java:190)
	at org.openqa.selenium.remote.service.DriverCommandExecutor.invokeExecute(DriverCommandExecutor.java:216)
	at org.openqa.selenium.remote.service.DriverCommandExecutor.execute(DriverCommandExecutor.java:174)
	at org.openqa.selenium.remote.RemoteWebDriver.execute(RemoteWebDriver.java:519)
	at org.openqa.selenium.remote.ElementLocation$ElementFinder$2.findElement(ElementLocation.java:165)
	at org.openqa.selenium.remote.ElementLocation.findElement(ElementLocation.java:59)
	at org.openqa.selenium.remote.RemoteWebDriver.findElement(RemoteWebDriver.java:356)
	at org.openqa.selenium.remote.RemoteWebDriver.findElement(RemoteWebDriver.java:350)
	at com.traval.qa.pages.SearchHotels.checkrequirmentmatchinhotelPage(SearchHotels.java:571)
	at com.traval.qa.test.EditInSearchPageTest.Validate_Hotelpageby_checkingrequirment_From_EditedListingPage(EditInSearchPageTest.java:90)
	at java.base/java.util.ArrayList.forEach(ArrayList.java:1511)
	at com.traval.qa.test.TestRunner.main(TestRunner.java:14)
... Removed 29 stack frames
</div> <!-- stack-trace -->
                </div> <!-- method-content -->
              </div> <!-- method -->
            </div> <!-- main-panel-content rounded-window-bottom -->
          </div> <!-- suite-GoDo_com_-class-failed -->
          <div class="suite-GoDo_com_-class-failed">
            <div class="main-panel-header rounded-window-top">
              <img src="failed.png"/>
              <span class="class-name">com.traval.qa.test.ApplyFilterTest</span>
            </div> <!-- main-panel-header rounded-window-top -->
            <div class="main-panel-content rounded-window-bottom">
              <div class="method">
                <div class="method-content">
                  <a name="Validate_HomePage_Title">
                  </a> <!-- Validate_HomePage_Title -->
                  <span class="method-name">Validate_HomePage_Title</span>
                  <div class="stack-trace">java.lang.AssertionError: expected [GoDo Travel - Get up to 30% cash back after you check out] but found []
	at com.traval.qa.test.ApplyFilterTest.Validate_HomePage_Title(ApplyFilterTest.java:38)
	at java.base/java.util.ArrayList.forEach(ArrayList.java:1511)
	at com.traval.qa.test.TestRunner.main(TestRunner.java:14)
... Removed 30 stack frames
</div> <!-- stack-trace -->
                </div> <!-- method-content -->
              </div> <!-- method -->
            </div> <!-- main-panel-content rounded-window-bottom -->
          </div> <!-- suite-GoDo_com_-class-failed -->
          <div class="suite-GoDo_com_-class-failed">
            <div class="main-panel-header rounded-window-top">
              <img src="failed.png"/>
              <span class="class-name">com.traval.qa.test.SearchCarTest</span>
            </div> <!-- main-panel-header rounded-window-top -->
            <div class="main-panel-content rounded-window-bottom">
              <div class="method">
                <div class="method-content">
                  <a name="Matching_Requirment_InCheckoutPage_With_HomePageCar">
                  </a> <!-- Matching_Requirment_InCheckoutPage_With_HomePageCar -->
                  <span class="method-name">Matching_Requirment_InCheckoutPage_With_HomePageCar</span>
                  <div class="stack-trace">org.openqa.selenium.NoSuchElementException: no such element: Unable to locate element: {&quot;method&quot;:&quot;xpath&quot;,&quot;selector&quot;:&quot;//*[@id=&quot;bkHotelDetailsContainer d-flex&quot;]/div[2]/div/div[2]/div[1]&quot;}
  (Session info: chrome=121.0.6167.161)
For documentation on this error, please visit: https://www.selenium.dev/documentation/webdriver/troubleshooting/errors#no-such-element-exception
Build info: version: &apos;4.17.0&apos;, revision: &apos;e52b1be057*&apos;
System info: os.name: &apos;Windows 10&apos;, os.arch: &apos;amd64&apos;, os.version: &apos;10.0&apos;, java.version: &apos;17.0.8&apos;
Driver info: org.openqa.selenium.chrome.ChromeDriver
Command: [29fc976b4cdf028c778b5ddb7e9a0944, findElement {value=//*[@id=&quot;bkHotelDetailsContainer d-flex&quot;]/div[2]/div/div[2]/div[1], using=xpath}]
Capabilities {acceptInsecureCerts: false, browserName: chrome, browserVersion: 121.0.6167.161, chrome: {chromedriverVersion: 121.0.6167.85 (3f98d690ad7e..., userDataDir: C:\Users\Hp\AppData\Local\T...}, fedcm:accounts: true, goog:chromeOptions: {debuggerAddress: localhost:65448}, networkConnectionEnabled: false, pageLoadStrategy: normal, platformName: windows, proxy: Proxy(), se:cdp: ws://localhost:65448/devtoo..., se:cdpVersion: 121.0.6167.161, setWindowRect: true, strictFileInteractability: false, timeouts: {implicit: 0, pageLoad: 300000, script: 30000}, unhandledPromptBehavior: dismiss and notify, webauthn:extension:credBlob: true, webauthn:extension:largeBlob: true, webauthn:extension:minPinLength: true, webauthn:extension:prf: true, webauthn:virtualAuthenticators: true}
Session ID: 29fc976b4cdf028c778b5ddb7e9a0944
	at org.openqa.selenium.remote.codec.w3c.W3CHttpResponseCodec.createException(W3CHttpResponseCodec.java:185)
	at org.openqa.selenium.remote.codec.w3c.W3CHttpResponseCodec.decode(W3CHttpResponseCodec.java:134)
	at org.openqa.selenium.remote.codec.w3c.W3CHttpResponseCodec.decode(W3CHttpResponseCodec.java:51)
	at org.openqa.selenium.remote.HttpCommandExecutor.execute(HttpCommandExecutor.java:190)
	at org.openqa.selenium.remote.service.DriverCommandExecutor.invokeExecute(DriverCommandExecutor.java:216)
	at org.openqa.selenium.remote.service.DriverCommandExecutor.execute(DriverCommandExecutor.java:174)
	at org.openqa.selenium.remote.RemoteWebDriver.execute(RemoteWebDriver.java:519)
	at org.openqa.selenium.remote.ElementLocation$ElementFinder$2.findElement(ElementLocation.java:165)
	at org.openqa.selenium.remote.ElementLocation.findElement(ElementLocation.java:59)
	at org.openqa.selenium.remote.RemoteWebDriver.findElement(RemoteWebDriver.java:356)
	at org.openqa.selenium.remote.RemoteWebDriver.findElement(RemoteWebDriver.java:350)
	at com.traval.qa.pages.SearchCar.StoreDetailsOfCheckoutPage(SearchCar.java:253)
	at com.traval.qa.test.SearchCarTest.Matching_Requirment_InCheckoutPage_With_HomePageCar(SearchCarTest.java:66)
	at java.base/java.util.ArrayList.forEach(ArrayList.java:1511)
	at com.traval.qa.test.TestRunner.main(TestRunner.java:14)
... Removed 28 stack frames
</div> <!-- stack-trace -->
                </div> <!-- method-content -->
              </div> <!-- method -->
              <div class="method">
                <div class="method-content">
                  <a name="Matching_Requirment_inListingPage_With_HomePageCar">
                  </a> <!-- Matching_Requirment_inListingPage_With_HomePageCar -->
                  <span class="method-name">Matching_Requirment_inListingPage_With_HomePageCar</span>
                  <div class="stack-trace">org.openqa.selenium.NoSuchElementException: no such element: Unable to locate element: {&quot;method&quot;:&quot;xpath&quot;,&quot;selector&quot;:&quot;//img[@alt=&apos;loading image&apos;]&quot;}
  (Session info: chrome=121.0.6167.161)
For documentation on this error, please visit: https://www.selenium.dev/documentation/webdriver/troubleshooting/errors#no-such-element-exception
Build info: version: &apos;4.17.0&apos;, revision: &apos;e52b1be057*&apos;
System info: os.name: &apos;Windows 10&apos;, os.arch: &apos;amd64&apos;, os.version: &apos;10.0&apos;, java.version: &apos;17.0.8&apos;
Driver info: org.openqa.selenium.chrome.ChromeDriver
Command: [29fc976b4cdf028c778b5ddb7e9a0944, findElement {value=//img[@alt=&apos;loading image&apos;], using=xpath}]
Capabilities {acceptInsecureCerts: false, browserName: chrome, browserVersion: 121.0.6167.161, chrome: {chromedriverVersion: 121.0.6167.85 (3f98d690ad7e..., userDataDir: C:\Users\Hp\AppData\Local\T...}, fedcm:accounts: true, goog:chromeOptions: {debuggerAddress: localhost:65448}, networkConnectionEnabled: false, pageLoadStrategy: normal, platformName: windows, proxy: Proxy(), se:cdp: ws://localhost:65448/devtoo..., se:cdpVersion: 121.0.6167.161, setWindowRect: true, strictFileInteractability: false, timeouts: {implicit: 0, pageLoad: 300000, script: 30000}, unhandledPromptBehavior: dismiss and notify, webauthn:extension:credBlob: true, webauthn:extension:largeBlob: true, webauthn:extension:minPinLength: true, webauthn:extension:prf: true, webauthn:virtualAuthenticators: true}
Session ID: 29fc976b4cdf028c778b5ddb7e9a0944
	at org.openqa.selenium.remote.codec.w3c.W3CHttpResponseCodec.createException(W3CHttpResponseCodec.java:185)
	at org.openqa.selenium.remote.codec.w3c.W3CHttpResponseCodec.decode(W3CHttpResponseCodec.java:134)
	at org.openqa.selenium.remote.codec.w3c.W3CHttpResponseCodec.decode(W3CHttpResponseCodec.java:51)
	at org.openqa.selenium.remote.HttpCommandExecutor.execute(HttpCommandExecutor.java:190)
	at org.openqa.selenium.remote.service.DriverCommandExecutor.invokeExecute(DriverCommandExecutor.java:216)
	at org.openqa.selenium.remote.service.DriverCommandExecutor.execute(DriverCommandExecutor.java:174)
	at org.openqa.selenium.remote.RemoteWebDriver.execute(RemoteWebDriver.java:519)
	at org.openqa.selenium.remote.ElementLocation$ElementFinder$2.findElement(ElementLocation.java:165)
	at org.openqa.selenium.remote.ElementLocation.findElement(ElementLocation.java:59)
	at org.openqa.selenium.remote.RemoteWebDriver.findElement(RemoteWebDriver.java:356)
	at org.openqa.selenium.remote.RemoteWebDriver.findElement(RemoteWebDriver.java:350)
	at com.traval.qa.pages.SearchCar.waitToLoadFirstCarResult(SearchCar.java:215)
	at com.traval.qa.test.SearchCarTest.Matching_Requirment_inListingPage_With_HomePageCar(SearchCarTest.java:55)
	at java.base/java.util.ArrayList.forEach(ArrayList.java:1511)
	at com.traval.qa.test.TestRunner.main(TestRunner.java:14)
... Removed 29 stack frames
</div> <!-- stack-trace -->
                </div> <!-- method-content -->
              </div> <!-- method -->
              <div class="method">
                <div class="method-content">
                  <a name="Matching_SucessFul_Massage">
                  </a> <!-- Matching_SucessFul_Massage -->
                  <span class="method-name">Matching_SucessFul_Massage</span>
                  <div class="stack-trace">org.openqa.selenium.NoSuchElementException: no such element: Unable to locate element: {&quot;method&quot;:&quot;css selector&quot;,&quot;selector&quot;:&quot;#bookingInProgressModal&quot;}
  (Session info: chrome=121.0.6167.161)
For documentation on this error, please visit: https://www.selenium.dev/documentation/webdriver/troubleshooting/errors#no-such-element-exception
Build info: version: &apos;4.17.0&apos;, revision: &apos;e52b1be057*&apos;
System info: os.name: &apos;Windows 10&apos;, os.arch: &apos;amd64&apos;, os.version: &apos;10.0&apos;, java.version: &apos;17.0.8&apos;
Driver info: org.openqa.selenium.chrome.ChromeDriver
Command: [29fc976b4cdf028c778b5ddb7e9a0944, findElement {value=bookingInProgressModal, using=id}]
Capabilities {acceptInsecureCerts: false, browserName: chrome, browserVersion: 121.0.6167.161, chrome: {chromedriverVersion: 121.0.6167.85 (3f98d690ad7e..., userDataDir: C:\Users\Hp\AppData\Local\T...}, fedcm:accounts: true, goog:chromeOptions: {debuggerAddress: localhost:65448}, networkConnectionEnabled: false, pageLoadStrategy: normal, platformName: windows, proxy: Proxy(), se:cdp: ws://localhost:65448/devtoo..., se:cdpVersion: 121.0.6167.161, setWindowRect: true, strictFileInteractability: false, timeouts: {implicit: 0, pageLoad: 300000, script: 30000}, unhandledPromptBehavior: dismiss and notify, webauthn:extension:credBlob: true, webauthn:extension:largeBlob: true, webauthn:extension:minPinLength: true, webauthn:extension:prf: true, webauthn:virtualAuthenticators: true}
Session ID: 29fc976b4cdf028c778b5ddb7e9a0944
	at org.openqa.selenium.remote.codec.w3c.W3CHttpResponseCodec.createException(W3CHttpResponseCodec.java:185)
	at org.openqa.selenium.remote.codec.w3c.W3CHttpResponseCodec.decode(W3CHttpResponseCodec.java:134)
	at org.openqa.selenium.remote.codec.w3c.W3CHttpResponseCodec.decode(W3CHttpResponseCodec.java:51)
	at org.openqa.selenium.remote.HttpCommandExecutor.execute(HttpCommandExecutor.java:190)
	at org.openqa.selenium.remote.service.DriverCommandExecutor.invokeExecute(DriverCommandExecutor.java:216)
	at org.openqa.selenium.remote.service.DriverCommandExecutor.execute(DriverCommandExecutor.java:174)
	at org.openqa.selenium.remote.RemoteWebDriver.execute(RemoteWebDriver.java:519)
	at org.openqa.selenium.remote.ElementLocation$ElementFinder$2.findElement(ElementLocation.java:165)
	at org.openqa.selenium.remote.ElementLocation.findElement(ElementLocation.java:66)
	at org.openqa.selenium.remote.RemoteWebDriver.findElement(RemoteWebDriver.java:356)
	at org.openqa.selenium.remote.RemoteWebDriver.findElement(RemoteWebDriver.java:350)
	at com.traval.qa.pages.SearchCar.WaitUptoCompleteChecking(SearchCar.java:285)
	at com.traval.qa.test.SearchCarTest.Matching_SucessFul_Massage(SearchCarTest.java:79)
	at java.base/java.util.ArrayList.forEach(ArrayList.java:1511)
	at com.traval.qa.test.TestRunner.main(TestRunner.java:14)
... Removed 28 stack frames
</div> <!-- stack-trace -->
                </div> <!-- method-content -->
              </div> <!-- method -->
              <div class="method">
                <div class="method-content">
                  <a name="adding_Car_Requirment_In_HomePage">
                  </a> <!-- adding_Car_Requirment_In_HomePage -->
                  <span class="method-name">adding_Car_Requirment_In_HomePage</span>
                  <div class="stack-trace">org.openqa.selenium.NoSuchElementException: no such element: Unable to locate element: {&quot;method&quot;:&quot;xpath&quot;,&quot;selector&quot;:&quot;//div[@id=&apos;suggestResult0&apos;]&quot;}
  (Session info: chrome=121.0.6167.161)
For documentation on this error, please visit: https://www.selenium.dev/documentation/webdriver/troubleshooting/errors#no-such-element-exception
Build info: version: &apos;4.17.0&apos;, revision: &apos;e52b1be057*&apos;
System info: os.name: &apos;Windows 10&apos;, os.arch: &apos;amd64&apos;, os.version: &apos;10.0&apos;, java.version: &apos;17.0.8&apos;
Driver info: org.openqa.selenium.chrome.ChromeDriver
Command: [29fc976b4cdf028c778b5ddb7e9a0944, findElement {value=//div[@id=&apos;suggestResult0&apos;], using=xpath}]
Capabilities {acceptInsecureCerts: false, browserName: chrome, browserVersion: 121.0.6167.161, chrome: {chromedriverVersion: 121.0.6167.85 (3f98d690ad7e..., userDataDir: C:\Users\Hp\AppData\Local\T...}, fedcm:accounts: true, goog:chromeOptions: {debuggerAddress: localhost:65448}, networkConnectionEnabled: false, pageLoadStrategy: normal, platformName: windows, proxy: Proxy(), se:cdp: ws://localhost:65448/devtoo..., se:cdpVersion: 121.0.6167.161, setWindowRect: true, strictFileInteractability: false, timeouts: {implicit: 0, pageLoad: 300000, script: 30000}, unhandledPromptBehavior: dismiss and notify, webauthn:extension:credBlob: true, webauthn:extension:largeBlob: true, webauthn:extension:minPinLength: true, webauthn:extension:prf: true, webauthn:virtualAuthenticators: true}
Session ID: 29fc976b4cdf028c778b5ddb7e9a0944
	at org.openqa.selenium.remote.codec.w3c.W3CHttpResponseCodec.createException(W3CHttpResponseCodec.java:185)
	at org.openqa.selenium.remote.codec.w3c.W3CHttpResponseCodec.decode(W3CHttpResponseCodec.java:134)
	at org.openqa.selenium.remote.codec.w3c.W3CHttpResponseCodec.decode(W3CHttpResponseCodec.java:51)
	at org.openqa.selenium.remote.HttpCommandExecutor.execute(HttpCommandExecutor.java:190)
	at org.openqa.selenium.remote.service.DriverCommandExecutor.invokeExecute(DriverCommandExecutor.java:216)
	at org.openqa.selenium.remote.service.DriverCommandExecutor.execute(DriverCommandExecutor.java:174)
	at org.openqa.selenium.remote.RemoteWebDriver.execute(RemoteWebDriver.java:519)
	at org.openqa.selenium.remote.ElementLocation$ElementFinder$2.findElement(ElementLocation.java:165)
	at org.openqa.selenium.remote.ElementLocation.findElement(ElementLocation.java:59)
	at org.openqa.selenium.remote.RemoteWebDriver.findElement(RemoteWebDriver.java:356)
	at org.openqa.selenium.remote.RemoteWebDriver.findElement(RemoteWebDriver.java:350)
	at org.openqa.selenium.support.pagefactory.DefaultElementLocator.findElement(DefaultElementLocator.java:68)
	at org.openqa.selenium.support.pagefactory.internal.LocatingElementHandler.invoke(LocatingElementHandler.java:38)
	at jdk.proxy2/jdk.proxy2.$Proxy9.click(Unknown Source)
	at com.traval.qa.pages.SearchCar.addingCarRequirmentForCar(SearchCar.java:153)
	at com.traval.qa.test.SearchCarTest.adding_Car_Requirment_In_HomePage(SearchCarTest.java:46)
	at java.base/java.util.ArrayList.forEach(ArrayList.java:1511)
	at com.traval.qa.test.TestRunner.main(TestRunner.java:14)
... Removed 29 stack frames
</div> <!-- stack-trace -->
                </div> <!-- method-content -->
              </div> <!-- method -->
            </div> <!-- main-panel-content rounded-window-bottom -->
          </div> <!-- suite-GoDo_com_-class-failed -->
          <div class="suite-GoDo_com_-class-passed">
            <div class="main-panel-header rounded-window-top">
              <img src="passed.png"/>
              <span class="class-name">com.traval.qa.test.NormalHotelBookingTest</span>
            </div> <!-- main-panel-header rounded-window-top -->
            <div class="main-panel-content rounded-window-bottom">
              <div class="method">
                <div class="method-content">
                  <a name="Validate_HomePage_Title">
                  </a> <!-- Validate_HomePage_Title -->
                  <span class="method-name">Validate_HomePage_Title</span>
                </div> <!-- method-content -->
              </div> <!-- method -->
            </div> <!-- main-panel-content rounded-window-bottom -->
          </div> <!-- suite-GoDo_com_-class-passed -->
          <div class="suite-GoDo_com_-class-passed">
            <div class="main-panel-header rounded-window-top">
              <img src="passed.png"/>
              <span class="class-name">com.traval.qa.test.EditInSearchPageTest</span>
            </div> <!-- main-panel-header rounded-window-top -->
            <div class="main-panel-content rounded-window-bottom">
              <div class="method">
                <div class="method-content">
                  <a name="ValidataBy_AddingRequirment_InHomePage">
                  </a> <!-- ValidataBy_AddingRequirment_InHomePage -->
                  <span class="method-name">ValidataBy_AddingRequirment_InHomePage</span>
                </div> <!-- method-content -->
              </div> <!-- method -->
              <div class="method">
                <div class="method-content">
                  <a name="Validate_HomePage_Title">
                  </a> <!-- Validate_HomePage_Title -->
                  <span class="method-name">Validate_HomePage_Title</span>
                </div> <!-- method-content -->
              </div> <!-- method -->
            </div> <!-- main-panel-content rounded-window-bottom -->
          </div> <!-- suite-GoDo_com_-class-passed -->
          <div class="suite-GoDo_com_-class-passed">
            <div class="main-panel-header rounded-window-top">
              <img src="passed.png"/>
              <span class="class-name">com.traval.qa.test.ApplyFilterTest</span>
            </div> <!-- main-panel-header rounded-window-top -->
            <div class="main-panel-content rounded-window-bottom">
              <div class="method">
                <div class="method-content">
                  <a name="SucessFul_MassageConfirmation">
                  </a> <!-- SucessFul_MassageConfirmation -->
                  <span class="method-name">SucessFul_MassageConfirmation</span>
                </div> <!-- method-content -->
              </div> <!-- method -->
              <div class="method">
                <div class="method-content">
                  <a name="ValidataBy_AddingRequirment_InHomePage">
                  </a> <!-- ValidataBy_AddingRequirment_InHomePage -->
                  <span class="method-name">ValidataBy_AddingRequirment_InHomePage</span>
                </div> <!-- method-content -->
              </div> <!-- method -->
              <div class="method">
                <div class="method-content">
                  <a name="Validate_CheckoutPagerequirment_From_EditedHotelPage">
                  </a> <!-- Validate_CheckoutPagerequirment_From_EditedHotelPage -->
                  <span class="method-name">Validate_CheckoutPagerequirment_From_EditedHotelPage</span>
                </div> <!-- method-content -->
              </div> <!-- method -->
              <div class="method">
                <div class="method-content">
                  <a name="Validate_Hotelpage_booking">
                  </a> <!-- Validate_Hotelpage_booking -->
                  <span class="method-name">Validate_Hotelpage_booking</span>
                </div> <!-- method-content -->
              </div> <!-- method -->
              <div class="method">
                <div class="method-content">
                  <a name="verify_Multiple_Filter_ListingPage">
                  </a> <!-- verify_Multiple_Filter_ListingPage -->
                  <span class="method-name">verify_Multiple_Filter_ListingPage</span>
                </div> <!-- method-content -->
              </div> <!-- method -->
            </div> <!-- main-panel-content rounded-window-bottom -->
          </div> <!-- suite-GoDo_com_-class-passed -->
          <div class="suite-GoDo_com_-class-passed">
            <div class="main-panel-header rounded-window-top">
              <img src="passed.png"/>
              <span class="class-name">com.traval.qa.test.SearchAndHotelpageEditTest</span>
            </div> <!-- main-panel-header rounded-window-top -->
            <div class="main-panel-content rounded-window-bottom">
              <div class="method">
                <div class="method-content">
                  <a name="Edit_Requirments_InListingPage">
                  </a> <!-- Edit_Requirments_InListingPage -->
                  <span class="method-name">Edit_Requirments_InListingPage</span>
                </div> <!-- method-content -->
              </div> <!-- method -->
              <div class="method">
                <div class="method-content">
                  <a name="Edit_the_Hotel_Details_ByMatchingDetails_with_EditedListingPage">
                  </a> <!-- Edit_the_Hotel_Details_ByMatchingDetails_with_EditedListingPage -->
                  <span class="method-name">Edit_the_Hotel_Details_ByMatchingDetails_with_EditedListingPage</span>
                </div> <!-- method-content -->
              </div> <!-- method -->
              <div class="method">
                <div class="method-content">
                  <a name="SucessFul_MassageConfirmation">
                  </a> <!-- SucessFul_MassageConfirmation -->
                  <span class="method-name">SucessFul_MassageConfirmation</span>
                </div> <!-- method-content -->
              </div> <!-- method -->
              <div class="method">
                <div class="method-content">
                  <a name="ValidataBy_AddingRequirment_InHomePage">
                  </a> <!-- ValidataBy_AddingRequirment_InHomePage -->
                  <span class="method-name">ValidataBy_AddingRequirment_InHomePage</span>
                </div> <!-- method-content -->
              </div> <!-- method -->
              <div class="method">
                <div class="method-content">
                  <a name="Validate_CheckoutPagerequirment_From_EditedHotelPage">
                  </a> <!-- Validate_CheckoutPagerequirment_From_EditedHotelPage -->
                  <span class="method-name">Validate_CheckoutPagerequirment_From_EditedHotelPage</span>
                </div> <!-- method-content -->
              </div> <!-- method -->
              <div class="method">
                <div class="method-content">
                  <a name="Validate_HomePage_Title">
                  </a> <!-- Validate_HomePage_Title -->
                  <span class="method-name">Validate_HomePage_Title</span>
                </div> <!-- method-content -->
              </div> <!-- method -->
            </div> <!-- main-panel-content rounded-window-bottom -->
          </div> <!-- suite-GoDo_com_-class-passed -->
          <div class="suite-GoDo_com_-class-passed">
            <div class="main-panel-header rounded-window-top">
              <img src="passed.png"/>
              <span class="class-name">com.traval.qa.test.EditInHotelPageTest</span>
            </div> <!-- main-panel-header rounded-window-top -->
            <div class="main-panel-content rounded-window-bottom">
              <div class="method">
                <div class="method-content">
                  <a name="Edit_the_HotelPage_Details_byMatchingDetails_withHomePage">
                  </a> <!-- Edit_the_HotelPage_Details_byMatchingDetails_withHomePage -->
                  <span class="method-name">Edit_the_HotelPage_Details_byMatchingDetails_withHomePage</span>
                </div> <!-- method-content -->
              </div> <!-- method -->
              <div class="method">
                <div class="method-content">
                  <a name="SucessFul_MassageConfirmation">
                  </a> <!-- SucessFul_MassageConfirmation -->
                  <span class="method-name">SucessFul_MassageConfirmation</span>
                </div> <!-- method-content -->
              </div> <!-- method -->
              <div class="method">
                <div class="method-content">
                  <a name="ValidataBy_AddingRequirment_InHomePage">
                  </a> <!-- ValidataBy_AddingRequirment_InHomePage -->
                  <span class="method-name">ValidataBy_AddingRequirment_InHomePage</span>
                </div> <!-- method-content -->
              </div> <!-- method -->
              <div class="method">
                <div class="method-content">
                  <a name="Validate_CheckoutPagerequirment_From_EditedHotelPage">
                  </a> <!-- Validate_CheckoutPagerequirment_From_EditedHotelPage -->
                  <span class="method-name">Validate_CheckoutPagerequirment_From_EditedHotelPage</span>
                </div> <!-- method-content -->
              </div> <!-- method -->
              <div class="method">
                <div class="method-content">
                  <a name="Validate_HomePage_Title">
                  </a> <!-- Validate_HomePage_Title -->
                  <span class="method-name">Validate_HomePage_Title</span>
                </div> <!-- method-content -->
              </div> <!-- method -->
              <div class="method">
                <div class="method-content">
                  <a name="Validateby_Requirments_Matchingin_ListingPage_FromHomePage">
                  </a> <!-- Validateby_Requirments_Matchingin_ListingPage_FromHomePage -->
                  <span class="method-name">Validateby_Requirments_Matchingin_ListingPage_FromHomePage</span>
                </div> <!-- method-content -->
              </div> <!-- method -->
            </div> <!-- main-panel-content rounded-window-bottom -->
          </div> <!-- suite-GoDo_com_-class-passed -->
          <div class="suite-GoDo_com_-class-passed">
            <div class="main-panel-header rounded-window-top">
              <img src="passed.png"/>
              <span class="class-name">com.traval.qa.test.LoginLogoutTest</span>
            </div> <!-- main-panel-header rounded-window-top -->
            <div class="main-panel-content rounded-window-bottom">
              <div class="method">
                <div class="method-content">
                  <a name="Validate_AfterClicking_SignOut">
                  </a> <!-- Validate_AfterClicking_SignOut -->
                  <span class="method-name">Validate_AfterClicking_SignOut</span>
                </div> <!-- method-content -->
              </div> <!-- method -->
              <div class="method">
                <div class="method-content">
                  <a name="Validate_HomePage">
                  </a> <!-- Validate_HomePage -->
                  <span class="method-name">Validate_HomePage</span>
                </div> <!-- method-content -->
              </div> <!-- method -->
              <div class="method">
                <div class="method-content">
                  <a name="Validate_SucessFullLogin_ClickMultiplePage">
                  </a> <!-- Validate_SucessFullLogin_ClickMultiplePage -->
                  <span class="method-name">Validate_SucessFullLogin_ClickMultiplePage</span>
                </div> <!-- method-content -->
              </div> <!-- method -->
              <div class="method">
                <div class="method-content">
                  <a name="Validate_UnsucessfulLogin">
                  </a> <!-- Validate_UnsucessfulLogin -->
                  <span class="method-name">Validate_UnsucessfulLogin</span>
                </div> <!-- method-content -->
              </div> <!-- method -->
            </div> <!-- main-panel-content rounded-window-bottom -->
          </div> <!-- suite-GoDo_com_-class-passed -->
          <div class="suite-GoDo_com_-class-passed">
            <div class="main-panel-header rounded-window-top">
              <img src="passed.png"/>
              <span class="class-name">com.traval.qa.test.SearchCarTest</span>
            </div> <!-- main-panel-header rounded-window-top -->
            <div class="main-panel-content rounded-window-bottom">
              <div class="method">
                <div class="method-content">
                  <a name="Validate_HomePage_ForCar">
                  </a> <!-- Validate_HomePage_ForCar -->
                  <span class="method-name">Validate_HomePage_ForCar</span>
                </div> <!-- method-content -->
              </div> <!-- method -->
            </div> <!-- main-panel-content rounded-window-bottom -->
          </div> <!-- suite-GoDo_com_-class-passed -->
          <div class="suite-GoDo_com_-class-passed">
            <div class="main-panel-header rounded-window-top">
              <img src="passed.png"/>
              <span class="class-name">com.traval.qa.test.ResentViewHotelTest</span>
            </div> <!-- main-panel-header rounded-window-top -->
            <div class="main-panel-content rounded-window-bottom">
              <div class="method">
                <div class="method-content">
                  <a name="ValidataBy_AddingRequirment_InHomePage">
                  </a> <!-- ValidataBy_AddingRequirment_InHomePage -->
                  <span class="method-name">ValidataBy_AddingRequirment_InHomePage</span>
                </div> <!-- method-content -->
              </div> <!-- method -->
              <div class="method">
                <div class="method-content">
                  <a name="Validate_HomePage">
                  </a> <!-- Validate_HomePage -->
                  <span class="method-name">Validate_HomePage</span>
                </div> <!-- method-content -->
              </div> <!-- method -->
              <div class="method">
                <div class="method-content">
                  <a name="Validate_Selected_HotelIn_HomePage_RecentTab">
                  </a> <!-- Validate_Selected_HotelIn_HomePage_RecentTab -->
                  <span class="method-name">Validate_Selected_HotelIn_HomePage_RecentTab</span>
                </div> <!-- method-content -->
              </div> <!-- method -->
              <div class="method">
                <div class="method-content">
                  <a name="Validateby_Selecting_The_Recent_Three_Hotel">
                  </a> <!-- Validateby_Selecting_The_Recent_Three_Hotel -->
                  <span class="method-name">Validateby_Selecting_The_Recent_Three_Hotel</span>
                </div> <!-- method-content -->
              </div> <!-- method -->
            </div> <!-- main-panel-content rounded-window-bottom -->
          </div> <!-- suite-GoDo_com_-class-passed -->
        </div> <!-- panel GoDo_com_ -->
        <div panel-name="test-xml-GoDo_com_" class="panel">
          <div class="main-panel-header rounded-window-top">
            <span class="header-content">C:\Users\Hp\eclipse-workspace\G-Traval\resourcesF\Master.xml</span>
          </div> <!-- main-panel-header rounded-window-top -->
          <div class="main-panel-content rounded-window-bottom">
            <pre>
&lt;?xml version=&quot;1.0&quot; encoding=&quot;UTF-8&quot;?&gt;
&lt;!DOCTYPE suite SYSTEM &quot;https://testng.org/testng-1.0.dtd&quot;&gt;
&lt;suite name=&quot;GoDo.com &quot; guice-stage=&quot;DEVELOPMENT&quot;&gt;
  &lt;listeners&gt;
    &lt;listener class-name=&quot;Extendreportlistener.ExtentReporterNG&quot;/&gt;
  &lt;/listeners&gt;
  &lt;test thread-count=&quot;5&quot; name=&quot;Validate by Login and Logout&quot;&gt;
    &lt;classes&gt;
      &lt;class name=&quot;com.traval.qa.test.LoginLogoutTest&quot;/&gt;
      &lt;class name=&quot;com.traval.qa.test.NormalHotelBookingTest&quot;/&gt;
      &lt;class name=&quot;com.traval.qa.test.EditInSearchPageTest&quot;/&gt;
      &lt;class name=&quot;com.traval.qa.test.EditInHotelPageTest&quot;/&gt;
      &lt;class name=&quot;com.traval.qa.test.SearchAndHotelpageEditTest&quot;/&gt;
      &lt;class name=&quot;com.traval.qa.test.ApplyFilterTest&quot;/&gt;
      &lt;class name=&quot;com.traval.qa.test.ResentViewHotelTest&quot;/&gt;
      &lt;class name=&quot;com.traval.qa.test.SearchCarTest&quot;/&gt;
    &lt;/classes&gt;
  &lt;/test&gt; &lt;!-- Validate by Login and Logout --&gt;
&lt;/suite&gt; &lt;!-- GoDo.com  --&gt;
            </pre>
          </div> <!-- main-panel-content rounded-window-bottom -->
        </div> <!-- panel -->
        <div panel-name="testlist-GoDo_com_" class="panel">
          <div class="main-panel-header rounded-window-top">
            <span class="header-content">Tests for GoDo.com </span>
          </div> <!-- main-panel-header rounded-window-top -->
          <div class="main-panel-content rounded-window-bottom">
            <ul>
              <li>
                <span class="test-name">Validate by Login and Logout (8 classes)</span>
              </li>
            </ul>
          </div> <!-- main-panel-content rounded-window-bottom -->
        </div> <!-- panel -->
        <div panel-name="group-GoDo_com_" class="panel">
          <div class="main-panel-header rounded-window-top">
            <span class="header-content">Groups for GoDo.com </span>
          </div> <!-- main-panel-header rounded-window-top -->
          <div class="main-panel-content rounded-window-bottom">
          </div> <!-- main-panel-content rounded-window-bottom -->
        </div> <!-- panel -->
        <div panel-name="times-GoDo_com_" class="panel">
          <div class="main-panel-header rounded-window-top">
            <span class="header-content">Times for GoDo.com </span>
          </div> <!-- main-panel-header rounded-window-top -->
          <div class="main-panel-content rounded-window-bottom">
            <div class="times-div">
              <script type="text/javascript">
suiteTableInitFunctions.push('tableData_GoDo_com_');
function tableData_GoDo_com_() {
var data = new google.visualization.DataTable();
data.addColumn('number', 'Number');
data.addColumn('string', 'Method');
data.addColumn('string', 'Class');
data.addColumn('number', 'Time (ms)');
data.addRows(43);
data.setCell(0, 0, 0)
data.setCell(0, 1, 'verify_Multiple_Filter_ListingPage')
data.setCell(0, 2, 'com.traval.qa.test.ApplyFilterTest')
data.setCell(0, 3, 149393);
data.setCell(1, 0, 1)
data.setCell(1, 1, 'Edit_Requirments_InListingPage')
data.setCell(1, 2, 'com.traval.qa.test.SearchAndHotelpageEditTest')
data.setCell(1, 3, 61995);
data.setCell(2, 0, 2)
data.setCell(2, 1, 'Validateby_Selecting_The_Recent_Three_Hotel')
data.setCell(2, 2, 'com.traval.qa.test.ResentViewHotelTest')
data.setCell(2, 3, 47487);
data.setCell(3, 0, 3)
data.setCell(3, 1, 'ValidataBy_AddingRequirment_InHomePage')
data.setCell(3, 2, 'com.traval.qa.test.NormalHotelBookingTest')
data.setCell(3, 3, 22239);
data.setCell(4, 0, 4)
data.setCell(4, 1, 'Validateby_Requirments_Matchingin_ListingPage_FromHomePage')
data.setCell(4, 2, 'com.traval.qa.test.NormalHotelBookingTest')
data.setCell(4, 3, 22069);
data.setCell(5, 0, 5)
data.setCell(5, 1, 'Edit_the_HotelPage_Details_byMatchingDetails_withHomePage')
data.setCell(5, 2, 'com.traval.qa.test.EditInHotelPageTest')
data.setCell(5, 3, 21017);
data.setCell(6, 0, 6)
data.setCell(6, 1, 'Validate_SucessFullLogin_ClickMultiplePage')
data.setCell(6, 2, 'com.traval.qa.test.LoginLogoutTest')
data.setCell(6, 3, 20429);
data.setCell(7, 0, 7)
data.setCell(7, 1, 'Validate_CheckoutPagerequirment_From_EditedLisngPage')
data.setCell(7, 2, 'com.traval.qa.test.EditInSearchPageTest')
data.setCell(7, 3, 20239);
data.setCell(8, 0, 8)
data.setCell(8, 1, 'Validate_CheckoutPagerequirment_From_HomePage')
data.setCell(8, 2, 'com.traval.qa.test.NormalHotelBookingTest')
data.setCell(8, 3, 20163);
data.setCell(9, 0, 9)
data.setCell(9, 1, 'SucessFul_MassageConfirmation')
data.setCell(9, 2, 'com.traval.qa.test.NormalHotelBookingTest')
data.setCell(9, 3, 20061);
data.setCell(10, 0, 10)
data.setCell(10, 1, 'SucessFul_MassageConfirmation')
data.setCell(10, 2, 'com.traval.qa.test.EditInSearchPageTest')
data.setCell(10, 3, 20049);
data.setCell(11, 0, 11)
data.setCell(11, 1, 'Validate_Hotelpage_bycheckingrequirment_FromHomePage')
data.setCell(11, 2, 'com.traval.qa.test.NormalHotelBookingTest')
data.setCell(11, 3, 20038);
data.setCell(12, 0, 12)
data.setCell(12, 1, 'Validate_Hotelpageby_checkingrequirment_From_EditedListingPage')
data.setCell(12, 2, 'com.traval.qa.test.EditInSearchPageTest')
data.setCell(12, 3, 20028);
data.setCell(13, 0, 13)
data.setCell(13, 1, 'Edit_the_Hotel_Details_ByMatchingDetails_with_EditedListingPage')
data.setCell(13, 2, 'com.traval.qa.test.SearchAndHotelpageEditTest')
data.setCell(13, 3, 18470);
data.setCell(14, 0, 14)
data.setCell(14, 1, 'ValidataBy_AddingRequirment_InHomePage')
data.setCell(14, 2, 'com.traval.qa.test.ApplyFilterTest')
data.setCell(14, 3, 15314);
data.setCell(15, 0, 15)
data.setCell(15, 1, 'ValidataBy_AddingRequirment_InHomePage')
data.setCell(15, 2, 'com.traval.qa.test.EditInSearchPageTest')
data.setCell(15, 3, 15112);
data.setCell(16, 0, 16)
data.setCell(16, 1, 'ValidataBy_AddingRequirment_InHomePage')
data.setCell(16, 2, 'com.traval.qa.test.EditInHotelPageTest')
data.setCell(16, 3, 14373);
data.setCell(17, 0, 17)
data.setCell(17, 1, 'ValidataBy_AddingRequirment_InHomePage')
data.setCell(17, 2, 'com.traval.qa.test.SearchAndHotelpageEditTest')
data.setCell(17, 3, 12761);
data.setCell(18, 0, 18)
data.setCell(18, 1, 'ValidataBy_AddingRequirment_InHomePage')
data.setCell(18, 2, 'com.traval.qa.test.ResentViewHotelTest')
data.setCell(18, 3, 12539);
data.setCell(19, 0, 19)
data.setCell(19, 1, 'Validateby_Requirments_Matchingin_ListingPage_FromHomePage')
data.setCell(19, 2, 'com.traval.qa.test.EditInHotelPageTest')
data.setCell(19, 3, 10880);
data.setCell(20, 0, 20)
data.setCell(20, 1, 'Validate_UnsucessfulLogin')
data.setCell(20, 2, 'com.traval.qa.test.LoginLogoutTest')
data.setCell(20, 3, 10857);
data.setCell(21, 0, 21)
data.setCell(21, 1, 'Validate_HomePage_Title')
data.setCell(21, 2, 'com.traval.qa.test.ApplyFilterTest')
data.setCell(21, 3, 9139);
data.setCell(22, 0, 22)
data.setCell(22, 1, 'Validate_Hotelpage_booking')
data.setCell(22, 2, 'com.traval.qa.test.ApplyFilterTest')
data.setCell(22, 3, 8982);
data.setCell(23, 0, 23)
data.setCell(23, 1, 'Validate_CheckoutPagerequirment_From_EditedHotelPage')
data.setCell(23, 2, 'com.traval.qa.test.ApplyFilterTest')
data.setCell(23, 3, 6725);
data.setCell(24, 0, 24)
data.setCell(24, 1, 'Edit_Requirments_InListingPage')
data.setCell(24, 2, 'com.traval.qa.test.EditInSearchPageTest')
data.setCell(24, 3, 6031);
data.setCell(25, 0, 25)
data.setCell(25, 1, 'Validate_AfterClicking_SignOut')
data.setCell(25, 2, 'com.traval.qa.test.LoginLogoutTest')
data.setCell(25, 3, 5842);
data.setCell(26, 0, 26)
data.setCell(26, 1, 'Validate_CheckoutPagerequirment_From_EditedHotelPage')
data.setCell(26, 2, 'com.traval.qa.test.SearchAndHotelpageEditTest')
data.setCell(26, 3, 4593);
data.setCell(27, 0, 27)
data.setCell(27, 1, 'SucessFul_MassageConfirmation')
data.setCell(27, 2, 'com.traval.qa.test.ApplyFilterTest')
data.setCell(27, 3, 4520);
data.setCell(28, 0, 28)
data.setCell(28, 1, 'SucessFul_MassageConfirmation')
data.setCell(28, 2, 'com.traval.qa.test.SearchAndHotelpageEditTest')
data.setCell(28, 3, 4466);
data.setCell(29, 0, 29)
data.setCell(29, 1, 'adding_Car_Requirment_In_HomePage')
data.setCell(29, 2, 'com.traval.qa.test.SearchCarTest')
data.setCell(29, 3, 4309);
data.setCell(30, 0, 30)
data.setCell(30, 1, 'SucessFul_MassageConfirmation')
data.setCell(30, 2, 'com.traval.qa.test.EditInHotelPageTest')
data.setCell(30, 3, 3565);
data.setCell(31, 0, 31)
data.setCell(31, 1, 'Validate_CheckoutPagerequirment_From_EditedHotelPage')
data.setCell(31, 2, 'com.traval.qa.test.EditInHotelPageTest')
data.setCell(31, 3, 3420);
data.setCell(32, 0, 32)
data.setCell(32, 1, 'Validate_HomePage_Title')
data.setCell(32, 2, 'com.traval.qa.test.NormalHotelBookingTest')
data.setCell(32, 3, 1887);
data.setCell(33, 0, 33)
data.setCell(33, 1, 'Validate_HomePage_ForCar')
data.setCell(33, 2, 'com.traval.qa.test.SearchCarTest')
data.setCell(33, 3, 1833);
data.setCell(34, 0, 34)
data.setCell(34, 1, 'Validate_HomePage_Title')
data.setCell(34, 2, 'com.traval.qa.test.EditInHotelPageTest')
data.setCell(34, 3, 1766);
data.setCell(35, 0, 35)
data.setCell(35, 1, 'Validate_HomePage_Title')
data.setCell(35, 2, 'com.traval.qa.test.EditInSearchPageTest')
data.setCell(35, 3, 1751);
data.setCell(36, 0, 36)
data.setCell(36, 1, 'Validate_HomePage')
data.setCell(36, 2, 'com.traval.qa.test.ResentViewHotelTest')
data.setCell(36, 3, 1737);
data.setCell(37, 0, 37)
data.setCell(37, 1, 'Validate_HomePage_Title')
data.setCell(37, 2, 'com.traval.qa.test.SearchAndHotelpageEditTest')
data.setCell(37, 3, 1713);
data.setCell(38, 0, 38)
data.setCell(38, 1, 'Validate_HomePage')
data.setCell(38, 2, 'com.traval.qa.test.LoginLogoutTest')
data.setCell(38, 3, 1398);
data.setCell(39, 0, 39)
data.setCell(39, 1, 'Matching_Requirment_inListingPage_With_HomePageCar')
data.setCell(39, 2, 'com.traval.qa.test.SearchCarTest')
data.setCell(39, 3, 174);
data.setCell(40, 0, 40)
data.setCell(40, 1, 'Matching_Requirment_InCheckoutPage_With_HomePageCar')
data.setCell(40, 2, 'com.traval.qa.test.SearchCarTest')
data.setCell(40, 3, 24);
data.setCell(41, 0, 41)
data.setCell(41, 1, 'Matching_SucessFul_Massage')
data.setCell(41, 2, 'com.traval.qa.test.SearchCarTest')
data.setCell(41, 3, 18);
data.setCell(42, 0, 42)
data.setCell(42, 1, 'Validate_Selected_HotelIn_HomePage_RecentTab')
data.setCell(42, 2, 'com.traval.qa.test.ResentViewHotelTest')
data.setCell(42, 3, 0);
window.suiteTableData['GoDo_com_']= { tableData: data, tableDiv: 'times-div-GoDo_com_'}
return data;
}
              </script>
              <span class="suite-total-time">Total running time: 10 minutes</span>
              <div id="times-div-GoDo_com_">
              </div> <!-- times-div-GoDo_com_ -->
            </div> <!-- times-div -->
          </div> <!-- main-panel-content rounded-window-bottom -->
        </div> <!-- panel -->
        <div panel-name="reporter-GoDo_com_" class="panel">
          <div class="main-panel-header rounded-window-top">
            <span class="header-content">Reporter output for GoDo.com </span>
          </div> <!-- main-panel-header rounded-window-top -->
          <div class="main-panel-content rounded-window-bottom">
          </div> <!-- main-panel-content rounded-window-bottom -->
        </div> <!-- panel -->
        <div panel-name="ignored-methods-GoDo_com_" class="panel">
          <div class="main-panel-header rounded-window-top">
            <span class="header-content">0 ignored methods</span>
          </div> <!-- main-panel-header rounded-window-top -->
          <div class="main-panel-content rounded-window-bottom">
          </div> <!-- main-panel-content rounded-window-bottom -->
        </div> <!-- panel -->
        <div panel-name="chronological-GoDo_com_" class="panel">
          <div class="main-panel-header rounded-window-top">
            <span class="header-content">Methods in chronological order</span>
          </div> <!-- main-panel-header rounded-window-top -->
          <div class="main-panel-content rounded-window-bottom">
            <div class="chronological-class">
              <div class="chronological-class-name">com.traval.qa.test.LoginLogoutTest</div> <!-- chronological-class-name -->
              <div class="configuration-class before">
                <span class="method-name">setup1</span>
                <span class="method-start">0 ms</span>
              </div> <!-- configuration-class before -->
              <div class="test-method">
                <span class="method-name">Validate_HomePage</span>
                <span class="method-start">11306 ms</span>
              </div> <!-- test-method -->
              <div class="test-method">
                <span class="method-name">Validate_UnsucessfulLogin</span>
                <span class="method-start">12710 ms</span>
              </div> <!-- test-method -->
              <div class="test-method">
                <span class="method-name">Validate_SucessFullLogin_ClickMultiplePage</span>
                <span class="method-start">23569 ms</span>
              </div> <!-- test-method -->
              <div class="test-method">
                <span class="method-name">Validate_AfterClicking_SignOut</span>
                <span class="method-start">43999 ms</span>
              </div> <!-- test-method -->
              <div class="configuration-class after">
                <span class="method-name">CloseBrowser</span>
                <span class="method-start">49842 ms</span>
              </div> <!-- configuration-class after -->
            </div> <!-- chronological-class -->
            <div class="chronological-class">
              <div class="chronological-class-name">com.traval.qa.test.NormalHotelBookingTest</div> <!-- chronological-class-name -->
              <div class="configuration-class before">
                <span class="method-name">setup</span>
                <span class="method-start">50316 ms</span>
              </div> <!-- configuration-class before -->
              <div class="test-method">
                <span class="method-name">Validate_HomePage_Title</span>
                <span class="method-start">59737 ms</span>
              </div> <!-- test-method -->
              <div class="test-method">
                <img src="failed.png">
                </img>
                <span class="method-name">ValidataBy_AddingRequirment_InHomePage</span>
                <span class="method-start">61629 ms</span>
              </div> <!-- test-method -->
              <div class="test-method">
                <img src="failed.png">
                </img>
                <span class="method-name">Validateby_Requirments_Matchingin_ListingPage_FromHomePage</span>
                <span class="method-start">83869 ms</span>
              </div> <!-- test-method -->
              <div class="test-method">
                <img src="failed.png">
                </img>
                <span class="method-name">Validate_Hotelpage_bycheckingrequirment_FromHomePage</span>
                <span class="method-start">105939 ms</span>
              </div> <!-- test-method -->
              <div class="test-method">
                <img src="failed.png">
                </img>
                <span class="method-name">Validate_CheckoutPagerequirment_From_HomePage</span>
                <span class="method-start">125978 ms</span>
              </div> <!-- test-method -->
              <div class="test-method">
                <img src="failed.png">
                </img>
                <span class="method-name">SucessFul_MassageConfirmation</span>
                <span class="method-start">146142 ms</span>
              </div> <!-- test-method -->
              <div class="configuration-class after">
                <span class="method-name">CloseBrowser</span>
                <span class="method-start">166204 ms</span>
              </div> <!-- configuration-class after -->
            </div> <!-- chronological-class -->
            <div class="chronological-class">
              <div class="chronological-class-name">com.traval.qa.test.EditInSearchPageTest</div> <!-- chronological-class-name -->
              <div class="configuration-class before">
                <span class="method-name">setup</span>
                <span class="method-start">166415 ms</span>
              </div> <!-- configuration-class before -->
              <div class="test-method">
                <span class="method-name">Validate_HomePage_Title</span>
                <span class="method-start">174554 ms</span>
              </div> <!-- test-method -->
              <div class="test-method">
                <span class="method-name">ValidataBy_AddingRequirment_InHomePage</span>
                <span class="method-start">176309 ms</span>
              </div> <!-- test-method -->
              <div class="test-method">
                <img src="failed.png">
                </img>
                <span class="method-name">Edit_Requirments_InListingPage</span>
                <span class="method-start">191422 ms</span>
              </div> <!-- test-method -->
              <div class="test-method">
                <img src="failed.png">
                </img>
                <span class="method-name">Validate_Hotelpageby_checkingrequirment_From_EditedListingPage</span>
                <span class="method-start">197454 ms</span>
              </div> <!-- test-method -->
              <div class="test-method">
                <img src="failed.png">
                </img>
                <span class="method-name">Validate_CheckoutPagerequirment_From_EditedLisngPage</span>
                <span class="method-start">217483 ms</span>
              </div> <!-- test-method -->
              <div class="test-method">
                <img src="failed.png">
                </img>
                <span class="method-name">SucessFul_MassageConfirmation</span>
                <span class="method-start">237723 ms</span>
              </div> <!-- test-method -->
              <div class="configuration-class after">
                <span class="method-name">CloseBrowser</span>
                <span class="method-start">257772 ms</span>
              </div> <!-- configuration-class after -->
            </div> <!-- chronological-class -->
            <div class="chronological-class">
              <div class="chronological-class-name">com.traval.qa.test.EditInHotelPageTest</div> <!-- chronological-class-name -->
              <div class="configuration-class before">
                <span class="method-name">setup</span>
                <span class="method-start">258004 ms</span>
              </div> <!-- configuration-class before -->
              <div class="test-method">
                <span class="method-name">Validate_HomePage_Title</span>
                <span class="method-start">266303 ms</span>
              </div> <!-- test-method -->
              <div class="test-method">
                <span class="method-name">ValidataBy_AddingRequirment_InHomePage</span>
                <span class="method-start">268071 ms</span>
              </div> <!-- test-method -->
              <div class="test-method">
                <span class="method-name">Validateby_Requirments_Matchingin_ListingPage_FromHomePage</span>
                <span class="method-start">282445 ms</span>
              </div> <!-- test-method -->
              <div class="test-method">
                <span class="method-name">Edit_the_HotelPage_Details_byMatchingDetails_withHomePage</span>
                <span class="method-start">293326 ms</span>
              </div> <!-- test-method -->
              <div class="test-method">
                <span class="method-name">Validate_CheckoutPagerequirment_From_EditedHotelPage</span>
                <span class="method-start">314345 ms</span>
              </div> <!-- test-method -->
              <div class="test-method">
                <span class="method-name">SucessFul_MassageConfirmation</span>
                <span class="method-start">317766 ms</span>
              </div> <!-- test-method -->
              <div class="configuration-class after">
                <span class="method-name">CloseBrowser</span>
                <span class="method-start">321333 ms</span>
              </div> <!-- configuration-class after -->
            </div> <!-- chronological-class -->
            <div class="chronological-class">
              <div class="chronological-class-name">com.traval.qa.test.SearchAndHotelpageEditTest</div> <!-- chronological-class-name -->
              <div class="configuration-class before">
                <span class="method-name">setup</span>
                <span class="method-start">321603 ms</span>
              </div> <!-- configuration-class before -->
              <div class="test-method">
                <span class="method-name">Validate_HomePage_Title</span>
                <span class="method-start">331277 ms</span>
              </div> <!-- test-method -->
              <div class="test-method">
                <span class="method-name">ValidataBy_AddingRequirment_InHomePage</span>
                <span class="method-start">332992 ms</span>
              </div> <!-- test-method -->
              <div class="test-method">
                <span class="method-name">Edit_Requirments_InListingPage</span>
                <span class="method-start">345754 ms</span>
              </div> <!-- test-method -->
              <div class="test-method">
                <span class="method-name">Edit_the_Hotel_Details_ByMatchingDetails_with_EditedListingPage</span>
                <span class="method-start">407750 ms</span>
              </div> <!-- test-method -->
              <div class="test-method">
                <span class="method-name">Validate_CheckoutPagerequirment_From_EditedHotelPage</span>
                <span class="method-start">426222 ms</span>
              </div> <!-- test-method -->
              <div class="test-method">
                <span class="method-name">SucessFul_MassageConfirmation</span>
                <span class="method-start">430816 ms</span>
              </div> <!-- test-method -->
              <div class="configuration-class after">
                <span class="method-name">CloseBrowser</span>
                <span class="method-start">435283 ms</span>
              </div> <!-- configuration-class after -->
            </div> <!-- chronological-class -->
            <div class="chronological-class">
              <div class="chronological-class-name">com.traval.qa.test.ApplyFilterTest</div> <!-- chronological-class-name -->
              <div class="configuration-class before">
                <span class="method-name">setup</span>
                <span class="method-start">435858 ms</span>
              </div> <!-- configuration-class before -->
              <div class="test-method">
                <img src="failed.png">
                </img>
                <span class="method-name">Validate_HomePage_Title</span>
                <span class="method-start">439731 ms</span>
              </div> <!-- test-method -->
              <div class="test-method">
                <span class="method-name">ValidataBy_AddingRequirment_InHomePage</span>
                <span class="method-start">448871 ms</span>
              </div> <!-- test-method -->
              <div class="test-method">
                <span class="method-name">verify_Multiple_Filter_ListingPage</span>
                <span class="method-start">464186 ms</span>
              </div> <!-- test-method -->
              <div class="test-method">
                <span class="method-name">Validate_Hotelpage_booking</span>
                <span class="method-start">613580 ms</span>
              </div> <!-- test-method -->
              <div class="test-method">
                <span class="method-name">Validate_CheckoutPagerequirment_From_EditedHotelPage</span>
                <span class="method-start">622564 ms</span>
              </div> <!-- test-method -->
              <div class="test-method">
                <span class="method-name">SucessFul_MassageConfirmation</span>
                <span class="method-start">629291 ms</span>
              </div> <!-- test-method -->
              <div class="configuration-class after">
                <span class="method-name">CloseBrowser</span>
                <span class="method-start">633812 ms</span>
              </div> <!-- configuration-class after -->
            </div> <!-- chronological-class -->
            <div class="chronological-class">
              <div class="chronological-class-name">com.traval.qa.test.ResentViewHotelTest</div> <!-- chronological-class-name -->
              <div class="configuration-class before">
                <span class="method-name">setup1</span>
                <span class="method-start">635209 ms</span>
              </div> <!-- configuration-class before -->
              <div class="test-method">
                <span class="method-name">Validate_HomePage</span>
                <span class="method-start">646619 ms</span>
              </div> <!-- test-method -->
              <div class="test-method">
                <span class="method-name">ValidataBy_AddingRequirment_InHomePage</span>
                <span class="method-start">648357 ms</span>
              </div> <!-- test-method -->
              <div class="test-method">
                <span class="method-name">Validateby_Selecting_The_Recent_Three_Hotel</span>
                <span class="method-start">660896 ms</span>
              </div> <!-- test-method -->
              <div class="test-method">
                <span class="method-name">Validate_Selected_HotelIn_HomePage_RecentTab</span>
                <span class="method-start">708384 ms</span>
              </div> <!-- test-method -->
              <div class="configuration-class after">
                <span class="method-name">CloseBrowser</span>
                <span class="method-start">708384 ms</span>
              </div> <!-- configuration-class after -->
            </div> <!-- chronological-class -->
            <div class="chronological-class">
              <div class="chronological-class-name">com.traval.qa.test.SearchCarTest</div> <!-- chronological-class-name -->
              <div class="configuration-class before">
                <span class="method-name">setup1</span>
                <span class="method-start">708710 ms</span>
              </div> <!-- configuration-class before -->
              <div class="test-method">
                <span class="method-name">Validate_HomePage_ForCar</span>
                <span class="method-start">715956 ms</span>
              </div> <!-- test-method -->
              <div class="test-method">
                <img src="failed.png">
                </img>
                <span class="method-name">adding_Car_Requirment_In_HomePage</span>
                <span class="method-start">717791 ms</span>
              </div> <!-- test-method -->
              <div class="test-method">
                <img src="failed.png">
                </img>
                <span class="method-name">Matching_Requirment_inListingPage_With_HomePageCar</span>
                <span class="method-start">722101 ms</span>
              </div> <!-- test-method -->
              <div class="test-method">
                <img src="failed.png">
                </img>
                <span class="method-name">Matching_Requirment_InCheckoutPage_With_HomePageCar</span>
                <span class="method-start">722276 ms</span>
              </div> <!-- test-method -->
              <div class="test-method">
                <img src="failed.png">
                </img>
                <span class="method-name">Matching_SucessFul_Massage</span>
                <span class="method-start">722301 ms</span>
              </div> <!-- test-method -->
              <div class="configuration-class after">
                <span class="method-name">CloseBrowser</span>
                <span class="method-start">722320 ms</span>
              </div> <!-- configuration-class after -->
          </div> <!-- main-panel-content rounded-window-bottom -->
        </div> <!-- panel -->
      </div> <!-- main-panel-root -->
    </div> <!-- wrapper -->
  </body>
<script type="text/javascript" src="testng-reports2.js"></script>
</html>
