<?xml version="1.0" encoding="UTF-8"?>
<!-- Generated by org.testng.reporters.JUnitReportReporter -->
<testsuite hostname="DESKTOP-JRAVQ96" failures="1" tests="6" name="com.traval.qa.test.ApplyFilterTest" time="194.073" errors="0" timestamp="2024-02-13T20:48:26 IST" skipped="0">
  <testcase classname="com.traval.qa.test.ApplyFilterTest" name="Validate_HomePage_Title" time="9.139">
    <failure message="expected [GoDo Travel - Get up to 30% cash back after you check out] but found []" type="java.lang.AssertionError">
      <![CDATA[java.lang.AssertionError: expected [GoDo Travel - Get up to 30% cash back after you check out] but found []
at org.testng.Assert.fail(Assert.java:111)
at org.testng.Assert.failNotEquals(Assert.java:1578)
at org.testng.Assert.assertEqualsImpl(Assert.java:150)
at org.testng.Assert.assertEquals(Assert.java:132)
at org.testng.Assert.assertEquals(Assert.java:656)
at org.testng.Assert.assertEquals(Assert.java:666)
at com.traval.qa.test.ApplyFilterTest.Validate_HomePage_Title(ApplyFilterTest.java:38)
at java.base/jdk.internal.reflect.NativeMethodAccessorImpl.invoke0(Native Method)
at java.base/jdk.internal.reflect.NativeMethodAccessorImpl.invoke(NativeMethodAccessorImpl.java:77)
at java.base/jdk.internal.reflect.DelegatingMethodAccessorImpl.invoke(DelegatingMethodAccessorImpl.java:43)
at java.base/java.lang.reflect.Method.invoke(Method.java:568)
at org.testng.internal.invokers.MethodInvocationHelper.invokeMethod(MethodInvocationHelper.java:139)
at org.testng.internal.invokers.TestInvoker.invokeMethod(TestInvoker.java:664)
at org.testng.internal.invokers.TestInvoker.invokeTestMethod(TestInvoker.java:227)
at org.testng.internal.invokers.MethodRunner.runInSequence(MethodRunner.java:50)
at org.testng.internal.invokers.TestInvoker$MethodInvocationAgent.invoke(TestInvoker.java:957)
at org.testng.internal.invokers.TestInvoker.invokeTestMethods(TestInvoker.java:200)
at org.testng.internal.invokers.TestMethodWorker.invokeTestMethods(TestMethodWorker.java:148)
at org.testng.internal.invokers.TestMethodWorker.run(TestMethodWorker.java:128)
at java.base/java.util.ArrayList.forEach(ArrayList.java:1511)
at org.testng.TestRunner.privateRun(TestRunner.java:848)
at org.testng.TestRunner.run(TestRunner.java:621)
at org.testng.SuiteRunner.runTest(SuiteRunner.java:443)
at org.testng.SuiteRunner.runSequentially(SuiteRunner.java:437)
at org.testng.SuiteRunner.privateRun(SuiteRunner.java:397)
at org.testng.SuiteRunner.run(SuiteRunner.java:336)
at org.testng.SuiteRunnerWorker.runSuite(SuiteRunnerWorker.java:52)
at org.testng.SuiteRunnerWorker.run(SuiteRunnerWorker.java:95)
at org.testng.TestNG.runSuitesSequentially(TestNG.java:1280)
at org.testng.TestNG.runSuitesLocally(TestNG.java:1200)
at org.testng.TestNG.runSuites(TestNG.java:1114)
at org.testng.TestNG.run(TestNG.java:1082)
at com.traval.qa.test.TestRunner.main(TestRunner.java:14)
]]>
    </failure>
  </testcase> <!-- Validate_HomePage_Title -->
  <testcase classname="com.traval.qa.test.ApplyFilterTest" name="ValidataBy_AddingRequirment_InHomePage" time="15.314"/>
  <testcase classname="com.traval.qa.test.ApplyFilterTest" name="verify_Multiple_Filter_ListingPage" time="149.393"/>
  <testcase classname="com.traval.qa.test.ApplyFilterTest" name="Validate_Hotelpage_booking" time="8.982"/>
  <testcase classname="com.traval.qa.test.ApplyFilterTest" name="Validate_CheckoutPagerequirment_From_EditedHotelPage" time="6.725"/>
  <testcase classname="com.traval.qa.test.ApplyFilterTest" name="SucessFul_MassageConfirmation" time="4.520"/>
</testsuite> <!-- com.traval.qa.test.ApplyFilterTest -->
